Log file open, 05/08/19 23:14:50
LogWindows: Failed to load 'aqProf.dll' (GetLastError=126)
LogWindows: File 'aqProf.dll' does not exist
LogWindows: Failed to load 'VtuneApi.dll' (GetLastError=126)
LogWindows: File 'VtuneApi.dll' does not exist
LogWindows: Failed to load 'VtuneApi32e.dll' (GetLastError=126)
LogWindows: File 'VtuneApi32e.dll' does not exist
LogConsoleResponse: Display: Failed to find resolution value strings in scalability ini. Falling back to default.
LogInit: Display: Running engine for game: OWAG_V3
LogPakFile: Registered encryption key '00000000000000000000000000000000': 0 pak files mounted, 0 remain pending
LogPlatformFile: Not using cached read wrapper
LogTaskGraph: Started task graph with 5 named threads and 23 total threads with 3 sets of task threads.
LogStats: Stats thread started at 0.426137
LogD3D11RHI: Loaded GFSDK_Aftermath_Lib.x64.dll
LogICUInternationalization: ICU TimeZone Detection - Raw Offset: -5:00, Platform Override: ''
LogPluginManager: Mounting plugin Paper2D
LogPluginManager: Mounting plugin AISupport
LogPluginManager: Mounting plugin LightPropagationVolume
LogPluginManager: Mounting plugin ActorLayerUtilities
LogPluginManager: Mounting plugin AnimationSharing
LogPluginManager: Mounting plugin CLionSourceCodeAccess
LogPluginManager: Mounting plugin CodeLiteSourceCodeAccess
LogPluginManager: Mounting plugin GitSourceControl
LogPluginManager: Mounting plugin KDevelopSourceCodeAccess
LogPluginManager: Mounting plugin NullSourceCodeAccess
LogPluginManager: Mounting plugin PerforceSourceControl
LogPluginManager: Mounting plugin SubversionSourceControl
LogPluginManager: Mounting plugin UObjectPlugin
LogPluginManager: Mounting plugin VisualStudioCodeSourceCodeAccess
LogPluginManager: Mounting plugin VisualStudioSourceCodeAccess
LogPluginManager: Mounting plugin XCodeSourceCodeAccess
LogPluginManager: Mounting plugin AssetManagerEditor
LogPluginManager: Mounting plugin CryptoKeys
LogPluginManager: Mounting plugin DataValidation
LogPluginManager: Mounting plugin FacialAnimation
LogPluginManager: Mounting plugin GameplayTagsEditor
LogPluginManager: Mounting plugin MacGraphicsSwitching
LogPluginManager: Mounting plugin MaterialAnalyzer
LogPluginManager: Mounting plugin MobileLauncherProfileWizard
LogPluginManager: Mounting plugin PluginBrowser
LogPluginManager: Mounting plugin SpeedTreeImporter
LogPluginManager: Mounting plugin DatasmithContent
LogPluginManager: Mounting plugin VariantManagerContent
LogPluginManager: Mounting plugin AlembicImporter
LogPluginManager: Mounting plugin AppleImageUtils
LogPluginManager: Mounting plugin AppleVision
LogPluginManager: Mounting plugin BackChannel
LogPluginManager: Mounting plugin CharacterAI
LogPluginManager: Mounting plugin GeometryCache
LogPluginManager: Mounting plugin HTML5Networking
LogPluginManager: Mounting plugin ProxyLODPlugin
LogPluginManager: Mounting plugin SkeletalReduction
LogPluginManager: Mounting plugin MagicLeap
LogPluginManager: Mounting plugin MagicLeapMedia
LogPluginManager: Mounting plugin AndroidMedia
LogPluginManager: Mounting plugin AvfMedia
LogPluginManager: Mounting plugin ImgMedia
LogPluginManager: Mounting plugin LinearTimecode
LogPluginManager: Mounting plugin MediaCompositing
LogPluginManager: Mounting plugin MediaPlayerEditor
LogPluginManager: Mounting plugin WebMMedia
LogPluginManager: Mounting plugin WmfMedia
LogPluginManager: Mounting plugin TcpMessaging
LogPluginManager: Mounting plugin UdpMessaging
LogPluginManager: Mounting plugin ActorSequence
LogPluginManager: Mounting plugin LevelSequenceEditor
LogPluginManager: Mounting plugin MatineeToLevelSequence
LogPluginManager: Mounting plugin NetcodeUnitTest
LogPluginManager: Mounting plugin NUTUnrealEngine4
LogPluginManager: Mounting plugin OnlineSubsystemGooglePlay
LogPluginManager: Mounting plugin OnlineSubsystemIOS
LogPluginManager: Mounting plugin OnlineSubsystem
LogPluginManager: Mounting plugin OnlineSubsystemNull
LogPluginManager: Mounting plugin OnlineSubsystemUtils
LogPluginManager: Mounting plugin LauncherChunkInstaller
LogPluginManager: Mounting plugin AndroidDeviceProfileSelector
LogPluginManager: Mounting plugin AndroidMoviePlayer
LogPluginManager: Mounting plugin AndroidPermission
LogPluginManager: Mounting plugin AppleMoviePlayer
LogPluginManager: Mounting plugin ArchVisCharacter
LogPluginManager: Mounting plugin AudioCapture
LogPluginManager: Mounting plugin CableComponent
LogPluginManager: Mounting plugin CustomMeshComponent
LogPluginManager: Mounting plugin EditableMesh
LogPluginManager: Mounting plugin ExampleDeviceProfileSelector
LogPluginManager: Mounting plugin Firebase
LogPluginManager: Mounting plugin GoogleCloudMessaging
LogPluginManager: Mounting plugin IOSDeviceProfileSelector
LogPluginManager: Mounting plugin LinuxDeviceProfileSelector
LogPluginManager: Mounting plugin LocationServicesBPLibrary
LogPluginManager: Mounting plugin MobilePatchingUtils
LogPluginManager: Mounting plugin OculusVR
LogPluginManager: Mounting plugin PhysXVehicles
LogPluginManager: Mounting plugin ProceduralMeshComponent
LogPluginManager: Mounting plugin RuntimePhysXCooking
LogPluginManager: Mounting plugin SignificanceManager
LogPluginManager: Mounting plugin SteamVR
LogPluginManager: Mounting plugin WebMMoviePlayer
LogPluginManager: Mounting plugin WindowsMoviePlayer
LogInit: Using libcurl 7.55.1-DEV
LogInit:  - built for x86_64-pc-win32
LogInit:  - supports SSL with OpenSSL/1.1.1
LogInit:  - supports HTTP deflate (compression) using libz 1.2.8
LogInit:  - other features:
LogInit:      CURL_VERSION_SSL
LogInit:      CURL_VERSION_LIBZ
LogInit:      CURL_VERSION_IPV6
LogInit:      CURL_VERSION_ASYNCHDNS
LogInit:      CURL_VERSION_LARGEFILE
LogInit:      CURL_VERSION_IDN
LogInit:  CurlRequestOptions (configurable via config and command line):
LogInit:  - bVerifyPeer = true  - Libcurl will verify peer certificate
LogInit:  - bUseHttpProxy = false  - Libcurl will NOT use HTTP proxy
LogInit:  - bDontReuseConnections = false  - Libcurl will reuse connections
LogInit:  - MaxHostConnections = 16  - Libcurl will limit the number of connections to a host
LogInit:  - LocalHostAddr = Default
LogInit:  - BufferSize = 65536
LogInit: WinSock: version 1.1 (2.2), MaxSocks=32767, MaxUdp=65467
LogInit: Build: ++UE4+Release-4.22-CL-6063286
LogInit: Engine Version: 4.22.1-6063286+++UE4+Release-4.22
LogInit: Compatible Engine Version: 4.22.0-5660361+++UE4+Release-4.22
LogInit: Net CL: 5660361
LogInit: OS: Windows 10 (Release 1709) (), CPU: Intel(R) Core(TM) i7-8550U CPU @ 1.80GHz, GPU: Intel(R) UHD Graphics 620
LogInit: Compiled (64-bit): Apr 24 2019 04:36:48
LogInit: Compiled with Visual C++: 19.16.27025.01
LogInit: Build Configuration: Development
LogInit: Branch Name: ++UE4+Release-4.22
LogInit: Command Line: 
LogInit: Base Directory: D:/Unreal/UE_4.22/Engine/Binaries/Win64/
LogInit: Installed Engine Build: 1
LogDevObjectVersion: Number of dev versions registered: 23
LogDevObjectVersion:   Dev-Blueprints (B0D832E4-1F89-4F0D-ACCF-7EB736FD4AA2): 10
LogDevObjectVersion:   Dev-Build (E1C64328-A22C-4D53-A36C-8E866417BD8C): 0
LogDevObjectVersion:   Dev-Core (375EC13C-06E4-48FB-B500-84F0262A717E): 3
LogDevObjectVersion:   Dev-Editor (E4B068ED-F494-42E9-A231-DA0B2E46BB41): 30
LogDevObjectVersion:   Dev-Framework (CFFC743F-43B0-4480-9391-14DF171D2073): 35
LogDevObjectVersion:   Dev-Mobile (B02B49B5-BB20-44E9-A304-32B752E40360): 2
LogDevObjectVersion:   Dev-Networking (A4E4105C-59A1-49B5-A7C5-40C4547EDFEE): 0
LogDevObjectVersion:   Dev-Online (39C831C9-5AE6-47DC-9A44-9C173E1C8E7C): 0
LogDevObjectVersion:   Dev-Physics (78F01B33-EBEA-4F98-B9B4-84EACCB95AA2): 0
LogDevObjectVersion:   Dev-Platform (6631380F-2D4D-43E0-8009-CF276956A95A): 0
LogDevObjectVersion:   Dev-Rendering (12F88B9F-8875-4AFC-A67C-D90C383ABD29): 28
LogDevObjectVersion:   Dev-Sequencer (7B5AE74C-D270-4C10-A958-57980B212A5A): 11
LogDevObjectVersion:   Dev-VR (D7296918-1DD6-4BDD-9DE2-64A83CC13884): 2
LogDevObjectVersion:   Dev-LoadTimes (C2A15278-BFE7-4AFE-6C17-90FF531DF755): 1
LogDevObjectVersion:   Private-Geometry (6EACA3D4-40EC-4CC1-B786-8BED09428FC5): 3
LogDevObjectVersion:   Dev-AnimPhys (29E575DD-E0A3-4627-9D10-D276232CDCEA): 17
LogDevObjectVersion:   Dev-Anim (AF43A65D-7FD3-4947-9873-3E8ED9C1BB05): 2
LogDevObjectVersion:   Dev-ReflectionCapture (6B266CEC-1EC7-4B8F-A30B-E4D90942FC07): 1
LogDevObjectVersion:   Dev-Automation (0DF73D61-A23F-47EA-B727-89E90C41499A): 1
LogDevObjectVersion:   FortniteMain (601D1886-AC64-4F84-AA16-D3DE0DEAC7D6): 25
LogDevObjectVersion:   Dev-Enterprise (9DFFBCD6-494F-0158-E221-12823C92A888): 6
LogDevObjectVersion:   Dev-Niagara (F2AED0AC-9AFE-416F-8664-AA7FFA26D6FC): 1
LogDevObjectVersion:   Dev-Destruction (174F1F0B-B4C6-45A5-B13F-2EE8D0FB917D): 2
LogInit: Presizing for max 16777216 objects, including 0 objects not considered by GC, pre-allocating 0 bytes for permanent pool.
LogInit: Object subsystem initialized
LogConfig: Setting CVar [[con.DebugEarlyDefault:1]]
LogConfig: Setting CVar [[r.setres:1280x720]]
[2019.05.09-03.14.52:501][  0]LogConfig: Setting CVar [[r.VSync:0]]
[2019.05.09-03.14.52:501][  0]LogConfig: Setting CVar [[r.RHICmdBypass:0]]
[2019.05.09-03.14.52:501][  0]LogConfig: Applying CVar settings from Section [/Script/Engine.RendererSettings] File [E:/OWAG_V3/OWAG_V3/Saved/Config/Windows/Engine.ini]
[2019.05.09-03.14.52:501][  0]LogConfig: Setting CVar [[r.GPUCrashDebugging:0]]
[2019.05.09-03.14.52:501][  0]LogConfig: Setting CVar [[r.DefaultFeature.AutoExposure.ExtendDefaultLuminanceRange:1]]
[2019.05.09-03.14.52:501][  0]LogConfig: Applying CVar settings from Section [/Script/Engine.RendererOverrideSettings] File [E:/OWAG_V3/OWAG_V3/Saved/Config/Windows/Engine.ini]
[2019.05.09-03.14.52:501][  0]LogConfig: Applying CVar settings from Section [/Script/Engine.StreamingSettings] File [E:/OWAG_V3/OWAG_V3/Saved/Config/Windows/Engine.ini]
[2019.05.09-03.14.52:501][  0]LogConfig: Setting CVar [[s.MinBulkDataSizeForAsyncLoading:131072]]
[2019.05.09-03.14.52:501][  0]LogConfig: Setting CVar [[s.AsyncLoadingThreadEnabled:0]]
[2019.05.09-03.14.52:501][  0]LogConfig: Setting CVar [[s.EventDrivenLoaderEnabled:1]]
[2019.05.09-03.14.52:501][  0]LogConfig: Setting CVar [[s.WarnIfTimeLimitExceeded:0]]
[2019.05.09-03.14.52:501][  0]LogConfig: Setting CVar [[s.TimeLimitExceededMultiplier:1.5]]
[2019.05.09-03.14.52:501][  0]LogConfig: Setting CVar [[s.TimeLimitExceededMinTime:0.005]]
[2019.05.09-03.14.52:502][  0]LogConfig: Setting CVar [[s.UseBackgroundLevelStreaming:1]]
[2019.05.09-03.14.52:502][  0]LogConfig: Setting CVar [[s.PriorityAsyncLoadingExtraTime:15.0]]
[2019.05.09-03.14.52:502][  0]LogConfig: Setting CVar [[s.LevelStreamingActorsUpdateTimeLimit:5.0]]
[2019.05.09-03.14.52:502][  0]LogConfig: Setting CVar [[s.PriorityLevelStreamingActorsUpdateExtraTime:5.0]]
[2019.05.09-03.14.52:502][  0]LogConfig: Setting CVar [[s.LevelStreamingComponentsRegistrationGranularity:10]]
[2019.05.09-03.14.52:502][  0]LogConfig: Setting CVar [[s.UnregisterComponentsTimeLimit:1.0]]
[2019.05.09-03.14.52:502][  0]LogConfig: Setting CVar [[s.LevelStreamingComponentsUnregistrationGranularity:5]]
[2019.05.09-03.14.52:502][  0]LogConfig: Applying CVar settings from Section [/Script/Engine.GarbageCollectionSettings] File [E:/OWAG_V3/OWAG_V3/Saved/Config/Windows/Engine.ini]
[2019.05.09-03.14.52:502][  0]LogConfig: Setting CVar [[gc.MaxObjectsNotConsideredByGC:1]]
[2019.05.09-03.14.52:502][  0]LogConfig: Setting CVar [[gc.SizeOfPermanentObjectPool:0]]
[2019.05.09-03.14.52:502][  0]LogConfig: Setting CVar [[gc.FlushStreamingOnGC:0]]
[2019.05.09-03.14.52:502][  0]LogConfig: Setting CVar [[gc.NumRetriesBeforeForcingGC:10]]
[2019.05.09-03.14.52:502][  0]LogConfig: Setting CVar [[gc.AllowParallelGC:1]]
[2019.05.09-03.14.52:502][  0]LogConfig: Setting CVar [[gc.TimeBetweenPurgingPendingKillObjects:61.1]]
[2019.05.09-03.14.52:502][  0]LogConfig: Setting CVar [[gc.MaxObjectsInEditor:16777216]]
[2019.05.09-03.14.52:502][  0]LogConfig: Setting CVar [[gc.IncrementalBeginDestroyEnabled:1]]
[2019.05.09-03.14.52:502][  0]LogConfig: Setting CVar [[gc.CreateGCClusters:1]]
[2019.05.09-03.14.52:502][  0]LogConfig: Setting CVar [[gc.MinGCClusterSize:5]]
[2019.05.09-03.14.52:502][  0]LogConfig: Setting CVar [[gc.ActorClusteringEnabled:0]]
[2019.05.09-03.14.52:502][  0]LogConfig: Setting CVar [[gc.BlueprintClusteringEnabled:0]]
[2019.05.09-03.14.52:502][  0]LogConfig: Setting CVar [[gc.UseDisregardForGCOnDedicatedServers:0]]
[2019.05.09-03.14.52:502][  0]LogConfig: Applying CVar settings from Section [/Script/Engine.NetworkSettings] File [E:/OWAG_V3/OWAG_V3/Saved/Config/Windows/Engine.ini]
[2019.05.09-03.14.52:502][  0]LogConfig: Applying CVar settings from Section [/Script/UnrealEd.CookerSettings] File [E:/OWAG_V3/OWAG_V3/Saved/Config/Windows/Engine.ini]
[2019.05.09-03.14.52:539][  0]LogConfig: Applying CVar settings from Section [ViewDistanceQuality@3] File [E:/OWAG_V3/OWAG_V3/Saved/Config/Windows/Scalability.ini]
[2019.05.09-03.14.52:539][  0]LogConfig: Setting CVar [[r.SkeletalMeshLODBias:0]]
[2019.05.09-03.14.52:539][  0]LogConfig: Setting CVar [[r.ViewDistanceScale:1.0]]
[2019.05.09-03.14.52:539][  0]LogConfig: Applying CVar settings from Section [AntiAliasingQuality@3] File [E:/OWAG_V3/OWAG_V3/Saved/Config/Windows/Scalability.ini]
[2019.05.09-03.14.52:539][  0]LogConfig: Setting CVar [[r.PostProcessAAQuality:4]]
[2019.05.09-03.14.52:539][  0]LogConfig: Applying CVar settings from Section [ShadowQuality@3] File [E:/OWAG_V3/OWAG_V3/Saved/Config/Windows/Scalability.ini]
[2019.05.09-03.14.52:539][  0]LogConfig: Setting CVar [[r.LightFunctionQuality:1]]
[2019.05.09-03.14.52:539][  0]LogConfig: Setting CVar [[r.ShadowQuality:5]]
[2019.05.09-03.14.52:539][  0]LogConfig: Setting CVar [[r.Shadow.CSM.MaxCascades:10]]
[2019.05.09-03.14.52:539][  0]LogConfig: Setting CVar [[r.Shadow.MaxResolution:2048]]
[2019.05.09-03.14.52:539][  0]LogConfig: Setting CVar [[r.Shadow.MaxCSMResolution:2048]]
[2019.05.09-03.14.52:539][  0]LogConfig: Setting CVar [[r.Shadow.RadiusThreshold:0.01]]
[2019.05.09-03.14.52:539][  0]LogConfig: Setting CVar [[r.Shadow.DistanceScale:1.0]]
[2019.05.09-03.14.52:539][  0]LogConfig: Setting CVar [[r.Shadow.CSM.TransitionScale:1.0]]
[2019.05.09-03.14.52:539][  0]LogConfig: Setting CVar [[r.Shadow.PreShadowResolutionFactor:1.0]]
[2019.05.09-03.14.52:539][  0]LogConfig: Setting CVar [[r.DistanceFieldShadowing:1]]
[2019.05.09-03.14.52:539][  0]LogConfig: Setting CVar [[r.DistanceFieldAO:1]]
[2019.05.09-03.14.52:539][  0]LogConfig: Setting CVar [[r.AOQuality:2]]
[2019.05.09-03.14.52:539][  0]LogConfig: Setting CVar [[r.VolumetricFog:1]]
[2019.05.09-03.14.52:539][  0]LogConfig: Setting CVar [[r.VolumetricFog.GridPixelSize:8]]
[2019.05.09-03.14.52:539][  0]LogConfig: Setting CVar [[r.VolumetricFog.GridSizeZ:128]]
[2019.05.09-03.14.52:539][  0]LogConfig: Setting CVar [[r.VolumetricFog.HistoryMissSupersampleCount:4]]
[2019.05.09-03.14.52:540][  0]LogConfig: Setting CVar [[r.LightMaxDrawDistanceScale:1]]
[2019.05.09-03.14.52:540][  0]LogConfig: Setting CVar [[r.CapsuleShadows:1]]
[2019.05.09-03.14.52:540][  0]LogConfig: Applying CVar settings from Section [PostProcessQuality@3] File [E:/OWAG_V3/OWAG_V3/Saved/Config/Windows/Scalability.ini]
[2019.05.09-03.14.52:540][  0]LogConfig: Setting CVar [[r.MotionBlurQuality:4]]
[2019.05.09-03.14.52:540][  0]LogConfig: Setting CVar [[r.AmbientOcclusionMipLevelFactor:0.4]]
[2019.05.09-03.14.52:540][  0]LogConfig: Setting CVar [[r.AmbientOcclusionMaxQuality:100]]
[2019.05.09-03.14.52:540][  0]LogConfig: Setting CVar [[r.AmbientOcclusionLevels:-1]]
[2019.05.09-03.14.52:540][  0]LogConfig: Setting CVar [[r.AmbientOcclusionRadiusScale:1.0]]
[2019.05.09-03.14.52:540][  0]LogConfig: Setting CVar [[r.DepthOfFieldQuality:2]]
[2019.05.09-03.14.52:540][  0]LogConfig: Setting CVar [[r.RenderTargetPoolMin:400]]
[2019.05.09-03.14.52:540][  0]LogConfig: Setting CVar [[r.LensFlareQuality:2]]
[2019.05.09-03.14.52:540][  0]LogConfig: Setting CVar [[r.SceneColorFringeQuality:1]]
[2019.05.09-03.14.52:540][  0]LogConfig: Setting CVar [[r.EyeAdaptationQuality:2]]
[2019.05.09-03.14.52:540][  0]LogConfig: Setting CVar [[r.BloomQuality:5]]
[2019.05.09-03.14.52:540][  0]LogConfig: Setting CVar [[r.FastBlurThreshold:100]]
[2019.05.09-03.14.52:540][  0]LogConfig: Setting CVar [[r.Upscale.Quality:3]]
[2019.05.09-03.14.52:540][  0]LogConfig: Setting CVar [[r.Tonemapper.GrainQuantization:1]]
[2019.05.09-03.14.52:540][  0]LogConfig: Setting CVar [[r.LightShaftQuality:1]]
[2019.05.09-03.14.52:540][  0]LogConfig: Setting CVar [[r.Filter.SizeScale:1]]
[2019.05.09-03.14.52:540][  0]LogConfig: Setting CVar [[r.Tonemapper.Quality:5]]
[2019.05.09-03.14.52:540][  0]LogConfig: Setting CVar [[r.DOF.Gather.AccumulatorQuality:1        ; higher gathering accumulator quality]]
[2019.05.09-03.14.52:540][  0]LogConfig: Setting CVar [[r.DOF.Gather.PostfilterMethod:1          ; Median3x3 postfilering method]]
[2019.05.09-03.14.52:540][  0]LogConfig: Setting CVar [[r.DOF.Gather.EnableBokehSettings:0       ; no bokeh simulation when gathering]]
[2019.05.09-03.14.52:540][  0]LogConfig: Setting CVar [[r.DOF.Gather.RingCount:4                 ; medium number of samples when gathering]]
[2019.05.09-03.14.52:540][  0]LogConfig: Setting CVar [[r.DOF.Scatter.ForegroundCompositing:1    ; additive foreground scattering]]
[2019.05.09-03.14.52:540][  0]LogConfig: Setting CVar [[r.DOF.Scatter.BackgroundCompositing:2    ; additive background scattering]]
[2019.05.09-03.14.52:540][  0]LogConfig: Setting CVar [[r.DOF.Scatter.EnableBokehSettings:1      ; bokeh simulation when scattering]]
[2019.05.09-03.14.52:541][  0]LogConfig: Setting CVar [[r.DOF.Scatter.MaxSpriteRatio:0.1         ; only a maximum of 10% of scattered bokeh]]
[2019.05.09-03.14.52:541][  0]LogConfig: Setting CVar [[r.DOF.Recombine.Quality:1                ; cheap slight out of focus]]
[2019.05.09-03.14.52:541][  0]LogConfig: Setting CVar [[r.DOF.Recombine.EnableBokehSettings:0    ; no bokeh simulation on slight out of focus]]
[2019.05.09-03.14.52:541][  0]LogConfig: Setting CVar [[r.DOF.TemporalAAQuality:1                ; more stable temporal accumulation]]
[2019.05.09-03.14.52:541][  0]LogConfig: Setting CVar [[r.DOF.Kernel.MaxForegroundRadius:0.025]]
[2019.05.09-03.14.52:541][  0]LogConfig: Setting CVar [[r.DOF.Kernel.MaxBackgroundRadius:0.025]]
[2019.05.09-03.14.52:541][  0]LogConfig: Applying CVar settings from Section [TextureQuality@3] File [E:/OWAG_V3/OWAG_V3/Saved/Config/Windows/Scalability.ini]
[2019.05.09-03.14.52:541][  0]LogConfig: Setting CVar [[r.Streaming.MipBias:0]]
[2019.05.09-03.14.52:541][  0]LogConfig: Setting CVar [[r.Streaming.AmortizeCPUToGPUCopy:0]]
[2019.05.09-03.14.52:541][  0]LogConfig: Setting CVar [[r.Streaming.MaxNumTexturesToStreamPerFrame:0]]
[2019.05.09-03.14.52:541][  0]LogConfig: Setting CVar [[r.Streaming.Boost:1]]
[2019.05.09-03.14.52:541][  0]LogConfig: Setting CVar [[r.MaxAnisotropy:8]]
[2019.05.09-03.14.52:541][  0]LogConfig: Setting CVar [[r.Streaming.LimitPoolSizeToVRAM:0]]
[2019.05.09-03.14.52:541][  0]LogConfig: Setting CVar [[r.Streaming.PoolSize:1000]]
[2019.05.09-03.14.52:541][  0]LogConfig: Setting CVar [[r.Streaming.MaxEffectiveScreenSize:0]]
[2019.05.09-03.14.52:541][  0]LogConfig: Applying CVar settings from Section [EffectsQuality@3] File [E:/OWAG_V3/OWAG_V3/Saved/Config/Windows/Scalability.ini]
[2019.05.09-03.14.52:541][  0]LogConfig: Setting CVar [[r.TranslucencyLightingVolumeDim:64]]
[2019.05.09-03.14.52:541][  0]LogConfig: Setting CVar [[r.RefractionQuality:2]]
[2019.05.09-03.14.52:541][  0]LogConfig: Setting CVar [[r.SSR.Quality:3]]
[2019.05.09-03.14.52:541][  0]LogConfig: Setting CVar [[r.SceneColorFormat:4]]
[2019.05.09-03.14.52:541][  0]LogConfig: Setting CVar [[r.DetailMode:2]]
[2019.05.09-03.14.52:541][  0]LogConfig: Setting CVar [[r.TranslucencyVolumeBlur:1]]
[2019.05.09-03.14.52:541][  0]LogConfig: Setting CVar [[r.MaterialQualityLevel:1 ; High quality]]
[2019.05.09-03.14.52:541][  0]LogConfig: Setting CVar [[r.SSS.Scale:1]]
[2019.05.09-03.14.52:541][  0]LogConfig: Setting CVar [[r.SSS.SampleSet:2]]
[2019.05.09-03.14.52:541][  0]LogConfig: Setting CVar [[r.SSS.Quality:1]]
[2019.05.09-03.14.52:541][  0]LogConfig: Setting CVar [[r.SSS.HalfRes:1]]
[2019.05.09-03.14.52:541][  0]LogConfig: Setting CVar [[r.EmitterSpawnRateScale:1.0]]
[2019.05.09-03.14.52:542][  0]LogConfig: Setting CVar [[r.ParticleLightQuality:2]]
[2019.05.09-03.14.52:542][  0]LogConfig: Applying CVar settings from Section [FoliageQuality@3] File [E:/OWAG_V3/OWAG_V3/Saved/Config/Windows/Scalability.ini]
[2019.05.09-03.14.52:542][  0]LogConfig: Setting CVar [[foliage.DensityScale:1.0]]
[2019.05.09-03.14.52:542][  0]LogConfig: Setting CVar [[grass.DensityScale:1.0]]
[2019.05.09-03.14.52:542][  0]LogInit: Selected Device Profile: [Windows]
[2019.05.09-03.14.52:542][  0]LogInit: Applying CVar settings loaded from the selected device profile: [Windows]
[2019.05.09-03.14.52:624][  0]LogHAL: Display: Platform has ~ 16 GB [17005363200 / 17179869184 / 16], which maps to Larger [LargestMinGB=32, LargerMinGB=12, DefaultMinGB=8, SmallerMinGB=6, SmallestMinGB=0)
[2019.05.09-03.14.52:624][  0]LogConfig: Setting CVar [[r.Vulkan.UseRealUBs:0		; Required until we fix HLR fall-out]]
[2019.05.09-03.14.52:624][  0]LogInit: Going up to parent DeviceProfile []
[2019.05.09-03.14.52:625][  0]LogConfig: Applying CVar settings from Section [ViewDistanceQuality@2] File [E:/OWAG_V3/OWAG_V3/Saved/Config/Windows/Scalability.ini]
[2019.05.09-03.14.52:625][  0]LogConfig: Setting CVar [[r.SkeletalMeshLODBias:0]]
[2019.05.09-03.14.52:625][  0]LogConfig: Setting CVar [[r.ViewDistanceScale:0.8]]
[2019.05.09-03.14.52:625][  0]LogConfig: Applying CVar settings from Section [AntiAliasingQuality@2] File [E:/OWAG_V3/OWAG_V3/Saved/Config/Windows/Scalability.ini]
[2019.05.09-03.14.52:625][  0]LogConfig: Setting CVar [[r.PostProcessAAQuality:3]]
[2019.05.09-03.14.52:625][  0]LogConfig: Applying CVar settings from Section [ShadowQuality@2] File [E:/OWAG_V3/OWAG_V3/Saved/Config/Windows/Scalability.ini]
[2019.05.09-03.14.52:625][  0]LogConfig: Setting CVar [[r.LightFunctionQuality:1]]
[2019.05.09-03.14.52:625][  0]LogConfig: Setting CVar [[r.ShadowQuality:5]]
[2019.05.09-03.14.52:625][  0]LogConfig: Setting CVar [[r.Shadow.CSM.MaxCascades:4]]
[2019.05.09-03.14.52:625][  0]LogConfig: Setting CVar [[r.Shadow.MaxResolution:1024]]
[2019.05.09-03.14.52:625][  0]LogConfig: Setting CVar [[r.Shadow.MaxCSMResolution:2048]]
[2019.05.09-03.14.52:625][  0]LogConfig: Setting CVar [[r.Shadow.RadiusThreshold:0.04]]
[2019.05.09-03.14.52:625][  0]LogConfig: Setting CVar [[r.Shadow.DistanceScale:0.85]]
[2019.05.09-03.14.52:625][  0]LogConfig: Setting CVar [[r.Shadow.CSM.TransitionScale:0.8]]
[2019.05.09-03.14.52:625][  0]LogConfig: Setting CVar [[r.Shadow.PreShadowResolutionFactor:0.5]]
[2019.05.09-03.14.52:625][  0]LogConfig: Setting CVar [[r.DistanceFieldShadowing:1]]
[2019.05.09-03.14.52:625][  0]LogConfig: Setting CVar [[r.DistanceFieldAO:1]]
[2019.05.09-03.14.52:625][  0]LogConfig: Setting CVar [[r.AOQuality:1]]
[2019.05.09-03.14.52:625][  0]LogConfig: Setting CVar [[r.VolumetricFog:1]]
[2019.05.09-03.14.52:625][  0]LogConfig: Setting CVar [[r.VolumetricFog.GridPixelSize:16]]
[2019.05.09-03.14.52:625][  0]LogConfig: Setting CVar [[r.VolumetricFog.GridSizeZ:64]]
[2019.05.09-03.14.52:625][  0]LogConfig: Setting CVar [[r.VolumetricFog.HistoryMissSupersampleCount:4]]
[2019.05.09-03.14.52:625][  0]LogConfig: Setting CVar [[r.LightMaxDrawDistanceScale:1]]
[2019.05.09-03.14.52:625][  0]LogConfig: Setting CVar [[r.CapsuleShadows:1]]
[2019.05.09-03.14.52:625][  0]LogConfig: Applying CVar settings from Section [PostProcessQuality@2] File [E:/OWAG_V3/OWAG_V3/Saved/Config/Windows/Scalability.ini]
[2019.05.09-03.14.52:625][  0]LogConfig: Setting CVar [[r.MotionBlurQuality:3]]
[2019.05.09-03.14.52:625][  0]LogConfig: Setting CVar [[r.AmbientOcclusionMipLevelFactor:0.6]]
[2019.05.09-03.14.52:625][  0]LogConfig: Setting CVar [[r.AmbientOcclusionMaxQuality:100]]
[2019.05.09-03.14.52:625][  0]LogConfig: Setting CVar [[r.AmbientOcclusionLevels:-1]]
[2019.05.09-03.14.52:625][  0]LogConfig: Setting CVar [[r.AmbientOcclusionRadiusScale:1.5]]
[2019.05.09-03.14.52:625][  0]LogConfig: Setting CVar [[r.DepthOfFieldQuality:2]]
[2019.05.09-03.14.52:625][  0]LogConfig: Setting CVar [[r.RenderTargetPoolMin:400]]
[2019.05.09-03.14.52:626][  0]LogConfig: Setting CVar [[r.LensFlareQuality:2]]
[2019.05.09-03.14.52:626][  0]LogConfig: Setting CVar [[r.SceneColorFringeQuality:1]]
[2019.05.09-03.14.52:626][  0]LogConfig: Setting CVar [[r.EyeAdaptationQuality:2]]
[2019.05.09-03.14.52:626][  0]LogConfig: Setting CVar [[r.BloomQuality:5]]
[2019.05.09-03.14.52:626][  0]LogConfig: Setting CVar [[r.FastBlurThreshold:3]]
[2019.05.09-03.14.52:626][  0]LogConfig: Setting CVar [[r.Upscale.Quality:2]]
[2019.05.09-03.14.52:626][  0]LogConfig: Setting CVar [[r.Tonemapper.GrainQuantization:1]]
[2019.05.09-03.14.52:626][  0]LogConfig: Setting CVar [[r.LightShaftQuality:1]]
[2019.05.09-03.14.52:626][  0]LogConfig: Setting CVar [[r.Filter.SizeScale:0.8]]
[2019.05.09-03.14.52:626][  0]LogConfig: Setting CVar [[r.Tonemapper.Quality:5]]
[2019.05.09-03.14.52:626][  0]LogConfig: Setting CVar [[r.DOF.Gather.AccumulatorQuality:0        ; lower gathering accumulator quality]]
[2019.05.09-03.14.52:626][  0]LogConfig: Setting CVar [[r.DOF.Gather.PostfilterMethod:2          ; Max3x3 postfilering method]]
[2019.05.09-03.14.52:626][  0]LogConfig: Setting CVar [[r.DOF.Gather.EnableBokehSettings:0       ; no bokeh simulation when gathering]]
[2019.05.09-03.14.52:626][  0]LogConfig: Setting CVar [[r.DOF.Gather.RingCount:4                 ; medium number of samples when gathering]]
[2019.05.09-03.14.52:626][  0]LogConfig: Setting CVar [[r.DOF.Scatter.ForegroundCompositing:1    ; additive foreground scattering]]
[2019.05.09-03.14.52:626][  0]LogConfig: Setting CVar [[r.DOF.Scatter.BackgroundCompositing:1    ; no background occlusion]]
[2019.05.09-03.14.52:626][  0]LogConfig: Setting CVar [[r.DOF.Scatter.EnableBokehSettings:0      ; no bokeh simulation when scattering]]
[2019.05.09-03.14.52:626][  0]LogConfig: Setting CVar [[r.DOF.Scatter.MaxSpriteRatio:0.04        ; only a maximum of 4% of scattered bokeh]]
[2019.05.09-03.14.52:626][  0]LogConfig: Setting CVar [[r.DOF.Recombine.Quality:0                ; no slight out of focus]]
[2019.05.09-03.14.52:626][  0]LogConfig: Setting CVar [[r.DOF.TemporalAAQuality:0                ; faster temporal accumulation]]
[2019.05.09-03.14.52:626][  0]LogConfig: Setting CVar [[r.DOF.Kernel.MaxForegroundRadius:0.012   ; required because of AccumulatorQuality=0]]
[2019.05.09-03.14.52:626][  0]LogConfig: Setting CVar [[r.DOF.Kernel.MaxBackgroundRadius:0.012   ; required because of AccumulatorQuality=0]]
[2019.05.09-03.14.52:626][  0]LogConfig: Applying CVar settings from Section [TextureQuality@2] File [E:/OWAG_V3/OWAG_V3/Saved/Config/Windows/Scalability.ini]
[2019.05.09-03.14.52:626][  0]LogConfig: Setting CVar [[r.Streaming.MipBias:0]]
[2019.05.09-03.14.52:626][  0]LogConfig: Setting CVar [[r.Streaming.AmortizeCPUToGPUCopy:0]]
[2019.05.09-03.14.52:626][  0]LogConfig: Setting CVar [[r.Streaming.MaxNumTexturesToStreamPerFrame:0]]
[2019.05.09-03.14.52:626][  0]LogConfig: Setting CVar [[r.Streaming.Boost:1]]
[2019.05.09-03.14.52:626][  0]LogConfig: Setting CVar [[r.MaxAnisotropy:4]]
[2019.05.09-03.14.52:626][  0]LogConfig: Setting CVar [[r.Streaming.LimitPoolSizeToVRAM:1]]
[2019.05.09-03.14.52:626][  0]LogConfig: Setting CVar [[r.Streaming.PoolSize:800]]
[2019.05.09-03.14.52:626][  0]LogConfig: Setting CVar [[r.Streaming.MaxEffectiveScreenSize:0]]
[2019.05.09-03.14.52:626][  0]LogConfig: Applying CVar settings from Section [EffectsQuality@2] File [E:/OWAG_V3/OWAG_V3/Saved/Config/Windows/Scalability.ini]
[2019.05.09-03.14.52:626][  0]LogConfig: Setting CVar [[r.TranslucencyLightingVolumeDim:48]]
[2019.05.09-03.14.52:626][  0]LogConfig: Setting CVar [[r.RefractionQuality:2]]
[2019.05.09-03.14.52:627][  0]LogConfig: Setting CVar [[r.SSR.Quality:2]]
[2019.05.09-03.14.52:627][  0]LogConfig: Setting CVar [[r.SceneColorFormat:3]]
[2019.05.09-03.14.52:627][  0]LogConfig: Setting CVar [[r.DetailMode:1]]
[2019.05.09-03.14.52:627][  0]LogConfig: Setting CVar [[r.TranslucencyVolumeBlur:1]]
[2019.05.09-03.14.52:627][  0]LogConfig: Setting CVar [[r.MaterialQualityLevel:1 ; High quality]]
[2019.05.09-03.14.52:627][  0]LogConfig: Setting CVar [[r.SSS.Scale:1]]
[2019.05.09-03.14.52:627][  0]LogConfig: Setting CVar [[r.SSS.SampleSet:1]]
[2019.05.09-03.14.52:627][  0]LogConfig: Setting CVar [[r.SSS.Quality:-1]]
[2019.05.09-03.14.52:627][  0]LogConfig: Setting CVar [[r.SSS.HalfRes:1]]
[2019.05.09-03.14.52:627][  0]LogConfig: Setting CVar [[r.EmitterSpawnRateScale:0.5]]
[2019.05.09-03.14.52:627][  0]LogConfig: Setting CVar [[r.ParticleLightQuality:1]]
[2019.05.09-03.14.52:627][  0]LogConfig: Applying CVar settings from Section [FoliageQuality@2] File [E:/OWAG_V3/OWAG_V3/Saved/Config/Windows/Scalability.ini]
[2019.05.09-03.14.52:627][  0]LogConfig: Setting CVar [[foliage.DensityScale:0.8]]
[2019.05.09-03.14.52:627][  0]LogConfig: Setting CVar [[grass.DensityScale:0.8]]
[2019.05.09-03.14.52:627][  0]LogConfig: Applying CVar settings from Section [Startup] File [../../../Engine/Config/ConsoleVariables.ini]
[2019.05.09-03.14.52:629][  0]LogConfig: Setting CVar [[net.UseAdaptiveNetUpdateFrequency:0]]
[2019.05.09-03.14.52:629][  0]LogConfig: Setting CVar [[p.chaos.AllowCreatePhysxBodies:1]]
[2019.05.09-03.14.52:629][  0]LogConfig: Applying CVar settings from Section [ConsoleVariables] File [E:/OWAG_V3/OWAG_V3/Saved/Config/Windows/Engine.ini]
[2019.05.09-03.14.52:629][  0]LogInit: Computer: KTPO-JT-MJ2
[2019.05.09-03.14.52:629][  0]LogInit: User: mikejurovcik
[2019.05.09-03.14.52:629][  0]LogInit: CPU Page size=4096, Cores=4
[2019.05.09-03.14.52:629][  0]LogInit: High frequency timer resolution =1.945312 MHz
[2019.05.09-03.14.52:630][  0]LogMemory: Memory total: Physical=15.8GB (16GB approx)
[2019.05.09-03.14.52:630][  0]LogMemory: Platform Memory Stats for Windows
[2019.05.09-03.14.52:630][  0]LogMemory: Process Physical Memory: 98.29 MB used, 98.29 MB peak
[2019.05.09-03.14.52:630][  0]LogMemory: Process Virtual Memory: 92.65 MB used, 92.65 MB peak
[2019.05.09-03.14.52:630][  0]LogMemory: Physical Memory: 8696.26 MB used,  7521.32 MB free, 16217.58 MB total
[2019.05.09-03.14.52:630][  0]LogMemory: Virtual Memory: 566.59 MB used,  134217160.00 MB free, 134217728.00 MB total
[2019.05.09-03.14.52:725][  0]LogInit: Using OS detected language (en-US).
[2019.05.09-03.14.52:725][  0]LogInit: Using OS detected locale (en-US).
[2019.05.09-03.14.52:726][  0]LogTextLocalizationManager: No specific localization for 'en-US' exists, so the 'en' localization will be used.
[2019.05.09-03.14.53:165][  0]LogInit: Setting process to per monitor DPI aware
[2019.05.09-03.14.53:314][  0]LogSlate: New Slate User Created.  User Index 0, Is Virtual User: 0
[2019.05.09-03.14.53:314][  0]LogSlate: Slate User Registered.  User Index 0, Is Virtual User: 0
[2019.05.09-03.14.54:975][  0]LogHMD: Failed to initialize OpenVR with code 110
[2019.05.09-03.14.54:975][  0]LogD3D11RHI: D3D11 adapters:
[2019.05.09-03.14.55:972][  0]LogD3D11RHI:    0. 'NVIDIA GeForce MX150' (Feature Level 11_0)
[2019.05.09-03.14.55:972][  0]LogD3D11RHI:       1983/0/8108 MB DedicatedVideo/DedicatedSystem/SharedSystem, Outputs:3, VendorId:0x10de
[2019.05.09-03.14.56:012][  0]LogD3D11RHI:    1. 'Intel(R) UHD Graphics 620' (Feature Level 11_0)
[2019.05.09-03.14.56:012][  0]LogD3D11RHI:       128/0/8108 MB DedicatedVideo/DedicatedSystem/SharedSystem, Outputs:0, VendorId:0x8086
[2019.05.09-03.14.56:018][  0]LogD3D11RHI:    2. 'Microsoft Basic Render Driver' (Feature Level 11_0)
[2019.05.09-03.14.56:018][  0]LogD3D11RHI:       0/0/8108 MB DedicatedVideo/DedicatedSystem/SharedSystem, Outputs:0, VendorId:0x1414
[2019.05.09-03.14.56:018][  0]LogD3D11RHI: Chosen D3D11 Adapter: 0
[2019.05.09-03.14.56:037][  0]LogD3D11RHI: Creating new Direct3DDevice
[2019.05.09-03.14.56:037][  0]LogD3D11RHI:     GPU DeviceId: 0x1d10 (for the marketing name, search the web for "GPU Device Id")
[2019.05.09-03.14.56:037][  0]LogWindows: EnumDisplayDevices:
[2019.05.09-03.14.56:038][  0]LogWindows:    0. 'Intel(R) UHD Graphics 620' (P:0 D:1)
[2019.05.09-03.14.56:038][  0]LogWindows:    1. 'Intel(R) UHD Graphics 620' (P:0 D:1)
[2019.05.09-03.14.56:039][  0]LogWindows:    2. 'Intel(R) UHD Graphics 620' (P:1 D:1)
[2019.05.09-03.14.56:039][  0]LogWindows:    3. 'DameWare Development Mirror Driver 64-bit' (P:0 D:0)
[2019.05.09-03.14.56:039][  0]LogWindows: DebugString: PrimaryIsNotTheChoosenAdapter PrimaryIsNotTheChoosenAdapter PrimaryIsNotTheChoosenAdapter GetVideoDriverDetailsInvalid PrimaryIsNotTheChoosenAdapter FoundDriverCount:0 
[2019.05.09-03.14.56:039][  0]LogD3D11RHI:     Adapter Name: NVIDIA GeForce MX150
[2019.05.09-03.14.56:039][  0]LogD3D11RHI:   Driver Version: Unknown (internal:Unknown, unified:Unknown)
[2019.05.09-03.14.56:039][  0]LogD3D11RHI:      Driver Date: Unknown
[2019.05.09-03.14.56:039][  0]LogRHI: Texture pool is 1388 MB (70% of 1983 MB)
[2019.05.09-03.14.56:129][  0]LogD3D11RHI: Async texture creation enabled
[2019.05.09-03.14.56:155][  0]LogRendererCore: FGlobalReadBuffer::InitRHI
[2019.05.09-03.14.56:156][  0]LogRendererCore: FGlobalReadBuffer::InitRHI
[2019.05.09-03.14.56:156][  0]LogRendererCore: FGlobalReadBuffer::InitRHI
[2019.05.09-03.14.56:168][  0]LogD3D11RHI: GPU Timing Frequency: 1000.000000 (Debug: 2 1)
[2019.05.09-03.14.56:886][  0]LogTemp: Display: Module 'AllDesktopTargetPlatform' loaded TargetPlatform 'AllDesktop'
[2019.05.09-03.14.56:933][  0]LogTemp: Display: Module 'MacClientTargetPlatform' loaded TargetPlatform 'MacClient'
[2019.05.09-03.14.56:983][  0]LogTemp: Display: Module 'MacNoEditorTargetPlatform' loaded TargetPlatform 'MacNoEditor'
[2019.05.09-03.14.57:033][  0]LogTemp: Display: Module 'MacServerTargetPlatform' loaded TargetPlatform 'MacServer'
[2019.05.09-03.14.57:086][  0]LogTemp: Display: Module 'MacTargetPlatform' loaded TargetPlatform 'Mac'
[2019.05.09-03.14.57:136][  0]LogTemp: Display: Module 'WindowsClientTargetPlatform' loaded TargetPlatform 'WindowsClient'
[2019.05.09-03.14.57:217][  0]LogTemp: Display: Module 'WindowsNoEditorTargetPlatform' loaded TargetPlatform 'WindowsNoEditor'
[2019.05.09-03.14.57:286][  0]LogTemp: Display: Module 'WindowsServerTargetPlatform' loaded TargetPlatform 'WindowsServer'
[2019.05.09-03.14.57:324][  0]LogTemp: Display: Module 'WindowsTargetPlatform' loaded TargetPlatform 'Windows'
[2019.05.09-03.14.57:564][  0]LogTemp: Display: Module 'AndroidTargetPlatform' loaded TargetPlatform 'Android'
[2019.05.09-03.14.57:564][  0]LogTemp: Display: Module 'AndroidTargetPlatform' loaded TargetPlatform 'Android_ASTC'
[2019.05.09-03.14.57:564][  0]LogTemp: Display: Module 'AndroidTargetPlatform' loaded TargetPlatform 'Android_ATC'
[2019.05.09-03.14.57:564][  0]LogTemp: Display: Module 'AndroidTargetPlatform' loaded TargetPlatform 'Android_DXT'
[2019.05.09-03.14.57:564][  0]LogTemp: Display: Module 'AndroidTargetPlatform' loaded TargetPlatform 'Android_ETC1'
[2019.05.09-03.14.57:564][  0]LogTemp: Display: Module 'AndroidTargetPlatform' loaded TargetPlatform 'Android_ETC1a'
[2019.05.09-03.14.57:564][  0]LogTemp: Display: Module 'AndroidTargetPlatform' loaded TargetPlatform 'Android_ETC2'
[2019.05.09-03.14.57:564][  0]LogTemp: Display: Module 'AndroidTargetPlatform' loaded TargetPlatform 'Android_PVRTC'
[2019.05.09-03.14.57:564][  0]LogTemp: Display: Module 'AndroidTargetPlatform' loaded TargetPlatform 'AndroidClient'
[2019.05.09-03.14.57:564][  0]LogTemp: Display: Module 'AndroidTargetPlatform' loaded TargetPlatform 'Android_ASTCClient'
[2019.05.09-03.14.57:564][  0]LogTemp: Display: Module 'AndroidTargetPlatform' loaded TargetPlatform 'Android_ATCClient'
[2019.05.09-03.14.57:564][  0]LogTemp: Display: Module 'AndroidTargetPlatform' loaded TargetPlatform 'Android_DXTClient'
[2019.05.09-03.14.57:564][  0]LogTemp: Display: Module 'AndroidTargetPlatform' loaded TargetPlatform 'Android_ETC1Client'
[2019.05.09-03.14.57:564][  0]LogTemp: Display: Module 'AndroidTargetPlatform' loaded TargetPlatform 'Android_ETC1aClient'
[2019.05.09-03.14.57:564][  0]LogTemp: Display: Module 'AndroidTargetPlatform' loaded TargetPlatform 'Android_ETC2Client'
[2019.05.09-03.14.57:564][  0]LogTemp: Display: Module 'AndroidTargetPlatform' loaded TargetPlatform 'Android_PVRTCClient'
[2019.05.09-03.14.57:564][  0]LogTemp: Display: Module 'AndroidTargetPlatform' loaded TargetPlatform 'Android_Multi'
[2019.05.09-03.14.57:564][  0]LogTemp: Display: Module 'AndroidTargetPlatform' loaded TargetPlatform 'Android_MultiClient'
[2019.05.09-03.14.57:582][  0]LogTemp: Display: Module 'HTML5TargetPlatform' loaded TargetPlatform 'HTML5'
[2019.05.09-03.14.57:728][  0]LogTemp: Display: Module 'IOSTargetPlatform' loaded TargetPlatform 'IOSClient'
[2019.05.09-03.14.57:728][  0]LogTemp: Display: Module 'IOSTargetPlatform' loaded TargetPlatform 'IOS'
[2019.05.09-03.14.57:803][  0]LogTemp: Display: Module 'TVOSTargetPlatform' loaded TargetPlatform 'TVOSClient'
[2019.05.09-03.14.57:803][  0]LogTemp: Display: Module 'TVOSTargetPlatform' loaded TargetPlatform 'TVOS'
[2019.05.09-03.14.57:849][  0]LogTemp: Display: Module 'LinuxClientTargetPlatform' loaded TargetPlatform 'LinuxClient'
[2019.05.09-03.14.57:896][  0]LogTemp: Display: Module 'LinuxNoEditorTargetPlatform' loaded TargetPlatform 'LinuxNoEditor'
[2019.05.09-03.14.57:943][  0]LogTemp: Display: Module 'LinuxServerTargetPlatform' loaded TargetPlatform 'LinuxServer'
[2019.05.09-03.14.57:994][  0]LogTemp: Display: Module 'LinuxTargetPlatform' loaded TargetPlatform 'Linux'
[2019.05.09-03.14.58:137][  0]LogTemp: Display: Module 'LuminTargetPlatform' loaded TargetPlatform 'Lumin'
[2019.05.09-03.14.58:137][  0]LogTemp: Display: Module 'LuminTargetPlatform' loaded TargetPlatform 'LuminClient'
[2019.05.09-03.14.58:137][  0]LogTargetPlatformManager: Display: Building Assets For Windows
[2019.05.09-03.14.58:195][  0]LogAudioDebug: Display: Lib vorbis DLL was dynamically loaded.
[2019.05.09-03.14.58:603][  0]LogShaderCompilers: Guid format shader working directory is 35 characters bigger than the processId version (E:/OWAG_V3/OWAG_V3/Intermediate/Shaders/WorkingDirectory/22740/).
[2019.05.09-03.14.58:604][  0]LogShaderCompilers: Cleaned the shader compiler working directory 'C:/Users/mike.jurovcik/AppData/Local/Temp/UnrealShaderWorkingDir/B6C39B524F283CB9262F1B8762F19588/'.
[2019.05.09-03.14.58:607][  0]LogXGEController: Cleaning working directory: C:/Users/mike.jurovcik/AppData/Local/Temp/UnrealXGEWorkingDir/
[2019.05.09-03.14.58:608][  0]LogXGEController: Cannot use XGE Controller as Incredibuild is not installed on this machine.
[2019.05.09-03.14.58:608][  0]LogShaderCompilers: Cannot use XGE Shader Compiler as Incredibuild is not installed on this machine.
[2019.05.09-03.14.58:608][  0]LogShaderCompilers: Display: Using Local Shader Compiler.
[2019.05.09-03.15.00:534][  0]LogDerivedDataCache: Display: Max Cache Size: 512 MB
[2019.05.09-03.15.00:667][  0]LogDerivedDataCache: Loaded boot cache 0.13s 71MB C:/Users/mike.jurovcik/AppData/Local/UnrealEngine/4.22/DerivedDataCache/Boot.ddc.
[2019.05.09-03.15.00:667][  0]LogDerivedDataCache: Display: Loaded Boot cache: C:/Users/mike.jurovcik/AppData/Local/UnrealEngine/4.22/DerivedDataCache/Boot.ddc
[2019.05.09-03.15.00:667][  0]LogDerivedDataCache: FDerivedDataBackendGraph:  Pak pak cache file E:/OWAG_V3/OWAG_V3/DerivedDataCache/DDC.ddp not found, will not use a pak cache.
[2019.05.09-03.15.00:667][  0]LogDerivedDataCache: Unable to find inner node Pak for hierarchical cache Hierarchy.
[2019.05.09-03.15.00:667][  0]LogDerivedDataCache: FDerivedDataBackendGraph:  CompressedPak pak cache file E:/OWAG_V3/OWAG_V3/DerivedDataCache/Compressed.ddp not found, will not use a pak cache.
[2019.05.09-03.15.00:667][  0]LogDerivedDataCache: Unable to find inner node CompressedPak for hierarchical cache Hierarchy.
[2019.05.09-03.15.00:696][  0]LogDerivedDataCache: Display: Pak cache opened for reading ../../../Engine/DerivedDataCache/Compressed.ddp.
[2019.05.09-03.15.00:697][  0]LogDerivedDataCache: FDerivedDataBackendGraph:  EnterprisePak pak cache file ../../../Enterprise/DerivedDataCache/Compressed.ddp not found, will not use a pak cache.
[2019.05.09-03.15.00:697][  0]LogDerivedDataCache: Unable to find inner node EnterprisePak for hierarchical cache Hierarchy.
[2019.05.09-03.15.00:709][  0]LogDerivedDataCache: Using Local data cache path C:/Users/mike.jurovcik/AppData/Local/UnrealEngine/Common/DerivedDataCache: Writable
[2019.05.09-03.15.00:709][  0]LogDerivedDataCache: Shared data cache path not found in *engine.ini, will not use an Shared cache.
[2019.05.09-03.15.00:709][  0]LogDerivedDataCache: Unable to find inner node Shared for hierarchical cache Hierarchy.
[2019.05.09-03.15.00:764][  0]LogMaterial: Verifying Global Shaders for PCD3D_SM5
[2019.05.09-03.15.00:766][  0]LogSlate: Using FreeType 2.6.0
[2019.05.09-03.15.00:772][  0]LogSlate: SlateFontServices - WITH_FREETYPE: 1, WITH_HARFBUZZ: 1
[2019.05.09-03.15.01:193][  0]LogAssetRegistry: FAssetRegistry took 0.0591 seconds to start up
[2019.05.09-03.15.02:221][  0]LogInit: Selected Device Profile: [Windows]
[2019.05.09-03.15.02:791][  0]LogMeshReduction: Using QuadricMeshReduction for automatic static mesh reduction
[2019.05.09-03.15.02:791][  0]LogMeshReduction: Using SimplygonMeshReduction for automatic skeletal mesh reduction
[2019.05.09-03.15.02:791][  0]LogMeshReduction: Using ProxyLODMeshReduction for automatic mesh merging
[2019.05.09-03.15.02:791][  0]LogMeshReduction: No distributed automatic mesh merging module available
[2019.05.09-03.15.02:791][  0]LogMeshMerging: No distributed automatic mesh merging module available
[2019.05.09-03.15.03:028][  0]LogNetVersion: OWAG_V3 1.0.0, NetCL: 5660361, EngineNetVer: 10, GameNetVer: 0 (Checksum: 796849542)
[2019.05.09-03.15.04:528][  0]LogPackageLocalizationCache: Processed 10 localized package path(s) for 1 prioritized culture(s) in 0.423541 seconds
[2019.05.09-03.15.04:541][  0]LogUObjectArray: 42205 objects as part of root set at end of initial load.
[2019.05.09-03.15.04:542][  0]LogUObjectAllocator: 7325032 out of 0 bytes used by permanent object pool.
[2019.05.09-03.15.04:542][  0]LogUObjectArray: CloseDisregardForGC: 0/0 objects in disregard for GC pool
[2019.05.09-03.15.13:521][  0]LogTcpMessaging: Initializing TcpMessaging bridge
[2019.05.09-03.15.13:569][  0]LogUdpMessaging: Initializing bridge on interface 0.0.0.0:0 to multicast group 230.0.0.1:6666.
[2019.05.09-03.15.14:423][  0]SourceControl: Source control is disabled
[2019.05.09-03.15.14:423][  0]SourceControl: Source control is disabled
[2019.05.09-03.15.14:521][  0]SourceControl: Source control is disabled
[2019.05.09-03.15.14:577][  0]SourceControl: Source control is disabled
[2019.05.09-03.15.17:104][  0]LogAndroidPermission: UAndroidPermissionCallbackProxy::GetInstance
[2019.05.09-03.15.17:741][  0]LogOcInput: OculusInput pre-init called
[2019.05.09-03.15.19:449][  0]LogEngine: Initializing Engine...
[2019.05.09-03.15.19:450][  0]LogHMD: Failed to initialize OpenVR with code 110
[2019.05.09-03.15.19:453][  0]LogStats: UGameplayTagsManager::InitializeManager -  0.000 s
[2019.05.09-03.15.20:069][  0]LogInit: Initializing FReadOnlyCVARCache
[2019.05.09-03.15.20:140][  0]LogAIModule: Creating AISystem for world Untitled
[2019.05.09-03.15.20:227][  0]LogInit: XAudio2 using 'Speakers / Headphones (Realtek Audio)' : 2 channels at 48 kHz using 32 bits per sample (channel mask 0x3)
[2019.05.09-03.15.20:367][  0]LogInit: FAudioDevice initialized.
[2019.05.09-03.15.20:368][  0]LogNetVersion: Set ProjectVersion to 1.0.0.0. Version Checksum will be recalculated on next use.
[2019.05.09-03.15.20:728][  0]LogDerivedDataCache: Saved boot cache 0.36s 71MB C:/Users/mike.jurovcik/AppData/Local/UnrealEngine/4.22/DerivedDataCache/Boot.ddc.
[2019.05.09-03.15.21:243][  0]LogInit: Texture streaming: Enabled
[2019.05.09-03.15.21:365][  0]LogEngineSessionManager: EngineSessionManager initialized
[2019.05.09-03.15.21:760][  0]LogInit: Transaction tracking system initialized
[2019.05.09-03.15.22:073][  0]BlueprintLog: New page: Editor Load
[2019.05.09-03.15.24:456][  0]LocalizationService: Localization service is disabled
[2019.05.09-03.15.27:788][  0]LogFileCache: Scanning file cache for directory 'E:/OWAG_V3/OWAG_V3/Content/' took 0.03s
[2019.05.09-03.15.27:788][  0]LogCook: Display: Max memory allowance for cook 16384mb min free memory 0mb
[2019.05.09-03.15.27:788][  0]LogCook: Display: Mobile HDR setting 1
[2019.05.09-03.15.31:232][  0]SourceControl: Source control is disabled
[2019.05.09-03.15.31:233][  0]Cmd: MAP LOAD FILE="E:/OWAG_V3/OWAG_V3/Content/MainWorldProto.umap" TEMPLATE=0 SHOWPROGRESS=1 FEATURELEVEL=3
[2019.05.09-03.15.31:233][  0]LogEditorServer: Warning: Can't find file 'E:/OWAG_V3/OWAG_V3/Content/MainWorldProto.umap'
[2019.05.09-03.15.31:233][  0]Cmd: MAP CHECKDEP NOCLEARLOG
[2019.05.09-03.15.31:233][  0]MapCheck: Map check complete: 0 Error(s), 0 Warning(s), took 0.276ms to complete.
[2019.05.09-03.15.31:234][  0]LogFileHelpers: Loading map 'MainWorldProto' took 0.001
[2019.05.09-03.15.31:931][  0]LogCollectionManager: Loaded 0 collections in 0.002660 seconds
[2019.05.09-03.15.32:035][  0]LogFileCache: Scanning file cache for directory 'E:/OWAG_V3/OWAG_V3/Saved/Collections/' took 0.02s
[2019.05.09-03.15.32:035][  0]LogFileCache: Scanning file cache for directory 'E:/OWAG_V3/OWAG_V3/Content/Developers/mikejurovcik/Collections/' took 0.05s
[2019.05.09-03.15.32:035][  0]LogFileCache: Scanning file cache for directory 'E:/OWAG_V3/OWAG_V3/Content/Collections/' took 0.01s
[2019.05.09-03.15.32:035][  0]LogCollectionManager: Rebuilt the GUID cache for 0 collections in 0.000001 seconds
[2019.05.09-03.15.32:059][  0]LogContentBrowser: Native class hierarchy populated in 0.0238 seconds. Added 2736 classes and 661 folders.
[2019.05.09-03.15.32:070][  0]LogContentBrowser: Native class hierarchy updated for 'WidgetCarousel' in 0.0007 seconds. Added 0 classes and 0 folders.
[2019.05.09-03.15.32:165][  0]LogPakFile: Registered encryption key '00000000000000000000000000000000': 0 pak files mounted, 0 remain pending
[2019.05.09-03.15.32:197][  0]LogPakFile: Registered encryption key '00000000000000000000000000000000': 0 pak files mounted, 0 remain pending
[2019.05.09-03.15.32:236][  0]LogPakFile: Registered encryption key '00000000000000000000000000000000': 0 pak files mounted, 0 remain pending
[2019.05.09-03.15.32:263][  0]LogPakFile: Registered encryption key '00000000000000000000000000000000': 0 pak files mounted, 0 remain pending
[2019.05.09-03.15.32:326][  0]LogPakFile: Registered encryption key '00000000000000000000000000000000': 0 pak files mounted, 0 remain pending
[2019.05.09-03.15.32:416][  0]LogPakFile: Registered encryption key '00000000000000000000000000000000': 0 pak files mounted, 0 remain pending
[2019.05.09-03.15.32:438][  0]LogPakFile: Registered encryption key '00000000000000000000000000000000': 0 pak files mounted, 0 remain pending
[2019.05.09-03.15.32:525][  0]LogPakFile: Registered encryption key '00000000000000000000000000000000': 0 pak files mounted, 0 remain pending
[2019.05.09-03.15.32:551][  0]LogPakFile: Registered encryption key '00000000000000000000000000000000': 0 pak files mounted, 0 remain pending
[2019.05.09-03.15.32:572][  0]LogPakFile: Registered encryption key '00000000000000000000000000000000': 0 pak files mounted, 0 remain pending
[2019.05.09-03.15.32:597][  0]LogPakFile: Registered encryption key '00000000000000000000000000000000': 0 pak files mounted, 0 remain pending
[2019.05.09-03.15.32:654][  0]LogPakFile: Registered encryption key '00000000000000000000000000000000': 0 pak files mounted, 0 remain pending
[2019.05.09-03.15.32:698][  0]LogPakFile: Registered encryption key '00000000000000000000000000000000': 0 pak files mounted, 0 remain pending
[2019.05.09-03.15.32:737][  0]LogPakFile: Registered encryption key '00000000000000000000000000000000': 0 pak files mounted, 0 remain pending
[2019.05.09-03.15.32:778][  0]LogPakFile: Registered encryption key '00000000000000000000000000000000': 0 pak files mounted, 0 remain pending
[2019.05.09-03.15.32:803][  0]LogPakFile: Registered encryption key '00000000000000000000000000000000': 0 pak files mounted, 0 remain pending
[2019.05.09-03.15.32:820][  0]LogPakFile: Registered encryption key '00000000000000000000000000000000': 0 pak files mounted, 0 remain pending
[2019.05.09-03.15.32:864][  0]LogPakFile: Registered encryption key '00000000000000000000000000000000': 0 pak files mounted, 0 remain pending
[2019.05.09-03.15.32:890][  0]LogPakFile: Registered encryption key '00000000000000000000000000000000': 0 pak files mounted, 0 remain pending
[2019.05.09-03.15.32:916][  0]LogPakFile: Registered encryption key '00000000000000000000000000000000': 0 pak files mounted, 0 remain pending
[2019.05.09-03.15.32:957][  0]LogPakFile: Registered encryption key '00000000000000000000000000000000': 0 pak files mounted, 0 remain pending
[2019.05.09-03.15.32:975][  0]LogPakFile: Registered encryption key '00000000000000000000000000000000': 0 pak files mounted, 0 remain pending
[2019.05.09-03.15.33:010][  0]LogPakFile: Registered encryption key '00000000000000000000000000000000': 0 pak files mounted, 0 remain pending
[2019.05.09-03.15.33:123][  0]LogPakFile: Registered encryption key '00000000000000000000000000000000': 0 pak files mounted, 0 remain pending
[2019.05.09-03.15.33:155][  0]LogPakFile: Registered encryption key '00000000000000000000000000000000': 0 pak files mounted, 0 remain pending
[2019.05.09-03.15.33:205][  0]LogPakFile: Registered encryption key '00000000000000000000000000000000': 0 pak files mounted, 0 remain pending
[2019.05.09-03.15.34:377][  0]LogContentBrowser: Native class hierarchy updated for 'AddContentDialog' in 0.0008 seconds. Added 0 classes and 0 folders.
[2019.05.09-03.15.34:519][  0]LogContentBrowser: Native class hierarchy updated for 'SceneOutliner' in 0.0015 seconds. Added 1 classes and 2 folders.
[2019.05.09-03.15.35:139][  0]LogSlate: Updating window title bar state: overlay mode, drag disabled, window buttons hidden, title bar hidden
[2019.05.09-03.15.35:163][  0]LogSlate: Updating window title bar state: overlay mode, drag disabled, window buttons hidden, title bar hidden
[2019.05.09-03.15.35:185][  0]LogSlate: Updating window title bar state: overlay mode, drag disabled, window buttons hidden, title bar hidden
[2019.05.09-03.15.35:207][  0]LogSlate: Updating window title bar state: overlay mode, drag disabled, window buttons hidden, title bar hidden
[2019.05.09-03.15.35:268][  0]LogSlate: Took 0.019007 seconds to synchronously load lazily loaded font '../../../Engine/Content/Slate/Fonts/Roboto-Regular.ttf' (155K)
[2019.05.09-03.15.35:293][  0]LogSlate: Took 0.020697 seconds to synchronously load lazily loaded font '../../../Engine/Content/Editor/Slate/Fonts/FontAwesome.ttf' (139K)
[2019.05.09-03.15.35:314][  0]LogSlate: Took 0.020785 seconds to synchronously load lazily loaded font '../../../Engine/Content/Slate/Fonts/Roboto-Bold.ttf' (160K)
[2019.05.09-03.15.35:354][  0]LogSlate: Took 0.022910 seconds to synchronously load lazily loaded font '../../../Engine/Content/Slate/Fonts/DroidSansMono.ttf' (77K)
[2019.05.09-03.15.35:773][  0]LogRenderer: Reallocating scene render targets to support 1408x672 Format 9 NumSamples 1 (Frame:1).
[2019.05.09-03.15.36:622][  0]LogContentBrowser: Native class hierarchy updated for 'HierarchicalLODOutliner' in 0.0008 seconds. Added 0 classes and 0 folders.
[2019.05.09-03.15.36:623][  0]LogLoad: (Engine Initialization) Total time: 51.32 seconds
[2019.05.09-03.15.36:623][  0]LogLoad: (Engine Initialization) Total Blueprint compile time: 0.00 seconds
[2019.05.09-03.15.36:724][  0]LogContentStreaming: Texture pool size now 800 MB
[2019.05.09-03.15.36:850][  0]LogSlate: Took 0.026531 seconds to synchronously load lazily loaded font '../../../Engine/Content/Slate/Fonts/Roboto-Light.ttf' (167K)
[2019.05.09-03.15.36:963][  1]LogAssetRegistry: Asset discovery search completed in 35.7932 seconds
[2019.05.09-03.15.36:972][  1]LogCollectionManager: Rebuilt the object cache for 0 collections in 0.000001 seconds (found 0 objects)
[2019.05.09-03.15.36:972][  1]LogCollectionManager: Fixed up redirectors for 0 collections in 0.000489 seconds (updated 0 objects)
[2019.05.09-07.31.38:077][192]LogSlate: FSceneViewport::OnFocusLost() reason 2
[2019.05.09-07.31.38:481][214]LogSlate: FSceneViewport::OnFocusLost() reason 2
[2019.05.09-07.31.40:083][301]LogSlate: FSceneViewport::OnFocusLost() reason 2
[2019.05.09-07.31.51:670][861]LogSlate: Window 'Editor Preferences' being destroyed
[2019.05.09-07.31.51:679][861]LogSlate: Window 'Editor Preferences' being destroyed
[2019.05.09-07.31.53:082][925]LogSlate: FSceneViewport::OnFocusLost() reason 2
[2019.05.09-07.31.57:200][ 13]LogSlate: Only BGRA pngs, bmps or icos are supported in by External Image Picker
[2019.05.09-07.31.57:249][ 13]LogSlate: FSceneViewport::OnFocusLost() reason 2
[2019.05.09-07.32.06:291][490]LogSlate: Took 0.001206 seconds to synchronously load lazily loaded font '../../../Engine/Content/Slate/Fonts/Roboto-Light.ttf' (167K)
[2019.05.09-07.32.22:498][366]LogAIModule: Creating AISystem for world MainWorldProto
[2019.05.09-07.32.22:551][366]LogAssetEditorManager: Opening Asset editor for World /Game/Levels/MainWorldProto.MainWorldProto
[2019.05.09-07.32.22:632][366]LogUObjectHash: Compacting FUObjectHashTables data took   6.83ms
[2019.05.09-07.32.22:634][366]Cmd: MAP LOAD FILE="E:/OWAG_V3/OWAG_V3/Content/Levels/MainWorldProto.umap" TEMPLATE=0 SHOWPROGRESS=1 FEATURELEVEL=3
[2019.05.09-07.32.22:635][366]LightingResults: New page: Lighting Build
[2019.05.09-07.32.22:642][366]LogContentBrowser: Native class hierarchy updated for 'StatsViewer' in 0.0014 seconds. Added 5 classes and 0 folders.
[2019.05.09-07.32.22:644][366]LoadErrors: New page: Loading map: MainWorldProto.umap
[2019.05.09-07.32.22:645][366]MapCheck: New page: Map Check
[2019.05.09-07.32.22:645][366]LightingResults: New page: Lighting Build
[2019.05.09-07.32.22:689][366]LogUObjectHash: Compacting FUObjectHashTables data took   3.30ms
[2019.05.09-07.32.23:482][366]LogEditorServer: Finished looking for orphan Actors (0.000 secs)
[2019.05.09-07.32.23:526][366]LogUObjectHash: Compacting FUObjectHashTables data took   3.31ms
[2019.05.09-07.32.23:642][366]Cmd: MAP CHECKDEP NOCLEARLOG
[2019.05.09-07.32.23:642][366]MapCheck: Map check complete: 0 Error(s), 0 Warning(s), took 0.2ms to complete.
[2019.05.09-07.32.23:643][366]LogFileHelpers: Loading map 'MainWorldProto' took 1.009
[2019.05.09-07.32.26:019][494]LogTemp: Repeating last play command: Selected Viewport
[2019.05.09-07.32.26:067][494]LogBlueprintUserMessages: Early PlayInEditor Detection: Level '/Game/Levels/MainWorldProto.MainWorldProto:PersistentLevel' has LevelScriptBlueprint '/Game/Levels/MainWorldProto.MainWorldProto:PersistentLevel.MainWorldProto' with GeneratedClass '/Game/Levels/MainWorldProto.MainWorldProto_C' with ClassGeneratedBy '/Game/Levels/MainWorldProto.MainWorldProto:PersistentLevel.MainWorldProto'
[2019.05.09-07.32.26:163][494]LogPlayLevel: PlayLevel: No blueprints needed recompiling
[2019.05.09-07.32.26:164][494]PIE: New page: PIE session: MainWorldProto (May 8, 2019, 11:32:26 PM)
[2019.05.09-07.32.26:179][494]LogPlayLevel: Creating play world package: /Game/Levels/UEDPIE_0_MainWorldProto
[2019.05.09-07.32.26:236][494]LogPlayLevel: PIE: StaticDuplicateObject took: (0.056784s)
[2019.05.09-07.32.26:238][494]LogAIModule: Creating AISystem for world MainWorldProto
[2019.05.09-07.32.26:239][494]LogPlayLevel: PIE: World Init took: (0.002655s)
[2019.05.09-07.32.26:239][494]LogPlayLevel: PIE: Created PIE world by copying editor world from /Game/Levels/MainWorldProto.MainWorldProto to /Game/Levels/UEDPIE_0_MainWorldProto.MainWorldProto (0.060875s)
[2019.05.09-07.32.26:282][494]LogUObjectHash: Compacting FUObjectHashTables data took   1.93ms
[2019.05.09-07.32.26:287][494]LogInit: XAudio2 using 'Speakers / Headphones (Realtek Audio)' : 2 channels at 48 kHz using 32 bits per sample (channel mask 0x3)
[2019.05.09-07.32.26:410][494]LogInit: FAudioDevice initialized.
[2019.05.09-07.32.26:466][494]LogLoad: Game class is 'MainGameMode_BP_C'
[2019.05.09-07.32.26:473][494]LogWorld: Bringing World /Game/Levels/UEDPIE_0_MainWorldProto.MainWorldProto up for play (max tick rate 60) at 2019.05.09-03.32.26
[2019.05.09-07.32.26:473][494]LogWorld: Bringing up level for play took: 0.004700
[2019.05.09-07.32.26:496][494]LogContentBrowser: Native class hierarchy updated for 'MovieSceneCapture' in 0.0012 seconds. Added 20 classes and 0 folders.
[2019.05.09-07.32.26:502][494]PIE: Play in editor start time for /Game/Levels/UEDPIE_0_MainWorldProto 0.053
[2019.05.09-07.32.26:502][494]LogBlueprintUserMessages: Late PlayInEditor Detection: Level '/Game/Levels/MainWorldProto.MainWorldProto:PersistentLevel' has LevelScriptBlueprint '/Game/Levels/MainWorldProto.MainWorldProto:PersistentLevel.MainWorldProto' with GeneratedClass '/Game/Levels/MainWorldProto.MainWorldProto_C' with ClassGeneratedBy '/Game/Levels/MainWorldProto.MainWorldProto:PersistentLevel.MainWorldProto'
[2019.05.09-07.32.29:630][670]LogBlueprintUserMessages: Early EndPlayMap Detection: Level '/Game/Levels/MainWorldProto.MainWorldProto:PersistentLevel' has LevelScriptBlueprint '/Game/Levels/MainWorldProto.MainWorldProto:PersistentLevel.MainWorldProto' with GeneratedClass '/Game/Levels/MainWorldProto.MainWorldProto_C' with ClassGeneratedBy '/Game/Levels/MainWorldProto.MainWorldProto:PersistentLevel.MainWorldProto'
[2019.05.09-07.32.29:632][670]LogSlate: Updating window title bar state: overlay mode, drag disabled, window buttons hidden, title bar hidden
[2019.05.09-07.32.29:666][670]LogPlayLevel: Display: Shutting down PIE online subsystems
[2019.05.09-07.32.29:666][670]LogBlueprintUserMessages: Late EndPlayMap Detection: Level '/Game/Levels/MainWorldProto.MainWorldProto:PersistentLevel' has LevelScriptBlueprint '/Game/Levels/MainWorldProto.MainWorldProto:PersistentLevel.MainWorldProto' with GeneratedClass '/Game/Levels/MainWorldProto.MainWorldProto_C' with ClassGeneratedBy '/Game/Levels/MainWorldProto.MainWorldProto:PersistentLevel.MainWorldProto'
[2019.05.09-07.32.29:719][670]LogSlate: Updating window title bar state: overlay mode, drag disabled, window buttons hidden, title bar hidden
[2019.05.09-07.32.29:725][670]LogUObjectHash: Compacting FUObjectHashTables data took   2.77ms
[2019.05.09-07.32.29:809][671]LogPlayLevel: Display: Destroying online subsystem :Context_4
[2019.05.09-07.32.33:046][856]LogSlate: FSceneViewport::OnFocusLost() reason 0
[2019.05.09-07.32.33:146][862]LogTemp: Repeating last play command: Selected Viewport
[2019.05.09-07.32.33:215][862]LogBlueprintUserMessages: Early PlayInEditor Detection: Level '/Game/Levels/MainWorldProto.MainWorldProto:PersistentLevel' has LevelScriptBlueprint '/Game/Levels/MainWorldProto.MainWorldProto:PersistentLevel.MainWorldProto' with GeneratedClass '/Game/Levels/MainWorldProto.MainWorldProto_C' with ClassGeneratedBy '/Game/Levels/MainWorldProto.MainWorldProto:PersistentLevel.MainWorldProto'
[2019.05.09-07.32.33:216][862]LogPlayLevel: PlayLevel: No blueprints needed recompiling
[2019.05.09-07.32.33:216][862]PIE: New page: PIE session: MainWorldProto (May 8, 2019, 11:32:33 PM)
[2019.05.09-07.32.33:217][862]LogPlayLevel: Creating play world package: /Game/Levels/UEDPIE_0_MainWorldProto
[2019.05.09-07.32.33:283][862]LogPlayLevel: PIE: StaticDuplicateObject took: (0.065320s)
[2019.05.09-07.32.33:285][862]LogAIModule: Creating AISystem for world MainWorldProto
[2019.05.09-07.32.33:286][862]LogPlayLevel: PIE: World Init took: (0.002472s)
[2019.05.09-07.32.33:286][862]LogPlayLevel: PIE: Created PIE world by copying editor world from /Game/Levels/MainWorldProto.MainWorldProto to /Game/Levels/UEDPIE_0_MainWorldProto.MainWorldProto (0.068683s)
[2019.05.09-07.32.33:330][862]LogUObjectHash: Compacting FUObjectHashTables data took   2.31ms
[2019.05.09-07.32.33:334][862]LogInit: XAudio2 using 'Speakers / Headphones (Realtek Audio)' : 2 channels at 48 kHz using 32 bits per sample (channel mask 0x3)
[2019.05.09-07.32.33:460][862]LogInit: FAudioDevice initialized.
[2019.05.09-07.32.33:491][862]LogLoad: Game class is 'MainGameMode_BP_C'
[2019.05.09-07.32.33:496][862]LogWorld: Bringing World /Game/Levels/UEDPIE_0_MainWorldProto.MainWorldProto up for play (max tick rate 60) at 2019.05.09-03.32.33
[2019.05.09-07.32.33:496][862]LogWorld: Bringing up level for play took: 0.004476
[2019.05.09-07.32.33:511][862]PIE: Play in editor start time for /Game/Levels/UEDPIE_0_MainWorldProto 1.063
[2019.05.09-07.32.33:512][862]LogBlueprintUserMessages: Late PlayInEditor Detection: Level '/Game/Levels/MainWorldProto.MainWorldProto:PersistentLevel' has LevelScriptBlueprint '/Game/Levels/MainWorldProto.MainWorldProto:PersistentLevel.MainWorldProto' with GeneratedClass '/Game/Levels/MainWorldProto.MainWorldProto_C' with ClassGeneratedBy '/Game/Levels/MainWorldProto.MainWorldProto:PersistentLevel.MainWorldProto'
[2019.05.09-07.32.42:413][380]LogBlueprintUserMessages: Early EndPlayMap Detection: Level '/Game/Levels/MainWorldProto.MainWorldProto:PersistentLevel' has LevelScriptBlueprint '/Game/Levels/MainWorldProto.MainWorldProto:PersistentLevel.MainWorldProto' with GeneratedClass '/Game/Levels/MainWorldProto.MainWorldProto_C' with ClassGeneratedBy '/Game/Levels/MainWorldProto.MainWorldProto:PersistentLevel.MainWorldProto'
[2019.05.09-07.32.42:414][380]LogSlate: Updating window title bar state: overlay mode, drag disabled, window buttons hidden, title bar hidden
[2019.05.09-07.32.42:447][380]LogPlayLevel: Display: Shutting down PIE online subsystems
[2019.05.09-07.32.42:447][380]LogBlueprintUserMessages: Late EndPlayMap Detection: Level '/Game/Levels/MainWorldProto.MainWorldProto:PersistentLevel' has LevelScriptBlueprint '/Game/Levels/MainWorldProto.MainWorldProto:PersistentLevel.MainWorldProto' with GeneratedClass '/Game/Levels/MainWorldProto.MainWorldProto_C' with ClassGeneratedBy '/Game/Levels/MainWorldProto.MainWorldProto:PersistentLevel.MainWorldProto'
[2019.05.09-07.32.42:500][380]LogSlate: Updating window title bar state: overlay mode, drag disabled, window buttons hidden, title bar hidden
[2019.05.09-07.32.42:524][380]LogUObjectHash: Compacting FUObjectHashTables data took   2.11ms
[2019.05.09-07.32.42:538][381]LogPlayLevel: Display: Destroying online subsystem :Context_5
[2019.05.09-07.32.47:420][649]LogSlate: FSceneViewport::OnFocusLost() reason 0
[2019.05.09-07.32.51:902][853]LogAssetEditorManager: Opening Asset editor for AnimBlueprint /Game/PlayerCharacter/WalkingAnimationTest.WalkingAnimationTest
[2019.05.09-07.32.52:000][853]LogContentBrowser: Native class hierarchy updated for 'SkeletonEditor' in 0.0006 seconds. Added 1 classes and 2 folders.
[2019.05.09-07.32.52:659][853]LogActorComponent: RegisterComponentWithWorld: (/Engine/Transient.World_4:PersistentLevel.AnimationEditorPreviewActor_0.DebugSkelMeshComponent_0) Already registered. Aborting.
[2019.05.09-07.32.52:681][853]LogContentBrowser: Native class hierarchy updated for 'PinnedCommandList' in 0.0009 seconds. Added 1 classes and 0 folders.
[2019.05.09-07.32.53:451][853]LogContentBrowser: Native class hierarchy updated for 'BlueprintGraph' in 0.0021 seconds. Added 121 classes and 0 folders.
[2019.05.09-07.32.55:313][853]LogSkeletalMesh: USkeletalMeshComponent::InitArticulated : Bodies already created (/Engine/Transient.World_4:PersistentLevel.AnimationEditorPreviewActor_0.DebugSkelMeshComponent_0) - call TermArticulated first.
[2019.05.09-07.32.55:951][853]LogSlate: Took 0.004708 seconds to synchronously load lazily loaded font '../../../Engine/Content/Slate/Fonts/Roboto-BoldCondensed.ttf' (158K)
[2019.05.09-07.32.56:210][853]LogContentBrowser: Verbose: The majority of assets in the view are of type: AnimSequence
[2019.05.09-07.33.57:567][365]LogTemp: Repeating last play command: Selected Viewport
[2019.05.09-07.33.57:617][365]LogBlueprintUserMessages: Early PlayInEditor Detection: Level '/Game/Levels/MainWorldProto.MainWorldProto:PersistentLevel' has LevelScriptBlueprint '/Game/Levels/MainWorldProto.MainWorldProto:PersistentLevel.MainWorldProto' with GeneratedClass '/Game/Levels/MainWorldProto.MainWorldProto_C' with ClassGeneratedBy '/Game/Levels/MainWorldProto.MainWorldProto:PersistentLevel.MainWorldProto'
[2019.05.09-07.33.57:619][365]LogPlayLevel: PlayLevel: No blueprints needed recompiling
[2019.05.09-07.33.57:619][365]PIE: New page: PIE session: MainWorldProto (May 8, 2019, 11:33:57 PM)
[2019.05.09-07.33.57:619][365]LogPlayLevel: Creating play world package: /Game/Levels/UEDPIE_0_MainWorldProto
[2019.05.09-07.33.57:664][365]LogPlayLevel: PIE: StaticDuplicateObject took: (0.045036s)
[2019.05.09-07.33.57:666][365]LogAIModule: Creating AISystem for world MainWorldProto
[2019.05.09-07.33.57:667][365]LogPlayLevel: PIE: World Init took: (0.001776s)
[2019.05.09-07.33.57:667][365]LogPlayLevel: PIE: Created PIE world by copying editor world from /Game/Levels/MainWorldProto.MainWorldProto to /Game/Levels/UEDPIE_0_MainWorldProto.MainWorldProto (0.047704s)
[2019.05.09-07.33.57:733][365]LogUObjectHash: Compacting FUObjectHashTables data took   6.25ms
[2019.05.09-07.33.57:737][365]LogInit: XAudio2 using 'Speakers / Headphones (Realtek Audio)' : 2 channels at 48 kHz using 32 bits per sample (channel mask 0x3)
[2019.05.09-07.33.57:862][365]LogInit: FAudioDevice initialized.
[2019.05.09-07.33.57:893][365]LogLoad: Game class is 'MainGameMode_BP_C'
[2019.05.09-07.33.57:897][365]LogWorld: Bringing World /Game/Levels/UEDPIE_0_MainWorldProto.MainWorldProto up for play (max tick rate 60) at 2019.05.09-03.33.57
[2019.05.09-07.33.57:898][365]LogWorld: Bringing up level for play took: 0.004121
[2019.05.09-07.33.57:913][365]PIE: Play in editor start time for /Game/Levels/UEDPIE_0_MainWorldProto -0.535
[2019.05.09-07.33.57:914][365]LogBlueprintUserMessages: Late PlayInEditor Detection: Level '/Game/Levels/MainWorldProto.MainWorldProto:PersistentLevel' has LevelScriptBlueprint '/Game/Levels/MainWorldProto.MainWorldProto:PersistentLevel.MainWorldProto' with GeneratedClass '/Game/Levels/MainWorldProto.MainWorldProto_C' with ClassGeneratedBy '/Game/Levels/MainWorldProto.MainWorldProto:PersistentLevel.MainWorldProto'
[2019.05.09-07.34.03:094][617]LogBlueprintUserMessages: Early EndPlayMap Detection: Level '/Game/Levels/MainWorldProto.MainWorldProto:PersistentLevel' has LevelScriptBlueprint '/Game/Levels/MainWorldProto.MainWorldProto:PersistentLevel.MainWorldProto' with GeneratedClass '/Game/Levels/MainWorldProto.MainWorldProto_C' with ClassGeneratedBy '/Game/Levels/MainWorldProto.MainWorldProto:PersistentLevel.MainWorldProto'
[2019.05.09-07.34.03:096][617]LogSlate: Updating window title bar state: overlay mode, drag disabled, window buttons hidden, title bar hidden
[2019.05.09-07.34.03:132][617]LogPlayLevel: Display: Shutting down PIE online subsystems
[2019.05.09-07.34.03:132][617]LogBlueprintUserMessages: Late EndPlayMap Detection: Level '/Game/Levels/MainWorldProto.MainWorldProto:PersistentLevel' has LevelScriptBlueprint '/Game/Levels/MainWorldProto.MainWorldProto:PersistentLevel.MainWorldProto' with GeneratedClass '/Game/Levels/MainWorldProto.MainWorldProto_C' with ClassGeneratedBy '/Game/Levels/MainWorldProto.MainWorldProto:PersistentLevel.MainWorldProto'
[2019.05.09-07.34.03:195][617]LogSlate: Updating window title bar state: overlay mode, drag disabled, window buttons hidden, title bar hidden
[2019.05.09-07.34.03:204][617]LogUObjectHash: Compacting FUObjectHashTables data took   4.05ms
[2019.05.09-07.34.03:291][618]LogPlayLevel: Display: Destroying online subsystem :Context_12
[2019.05.09-07.34.13:009][969]LogSlate: FSceneViewport::OnFocusLost() reason 0
[2019.05.09-07.36.36:608][787]BlueprintLog: New page: Compile WalkingAnimationTest
[2019.05.09-07.36.37:042][787]LogUObjectHash: Compacting FUObjectHashTables data took   4.91ms
[2019.05.09-07.36.38:623][869]LogTemp: Repeating last play command: Selected Viewport
[2019.05.09-07.36.38:689][869]LogBlueprintUserMessages: Early PlayInEditor Detection: Level '/Game/Levels/MainWorldProto.MainWorldProto:PersistentLevel' has LevelScriptBlueprint '/Game/Levels/MainWorldProto.MainWorldProto:PersistentLevel.MainWorldProto' with GeneratedClass '/Game/Levels/MainWorldProto.MainWorldProto_C' with ClassGeneratedBy '/Game/Levels/MainWorldProto.MainWorldProto:PersistentLevel.MainWorldProto'
[2019.05.09-07.36.38:690][869]LogPlayLevel: PlayLevel: No blueprints needed recompiling
[2019.05.09-07.36.38:691][869]PIE: New page: PIE session: MainWorldProto (May 8, 2019, 11:36:38 PM)
[2019.05.09-07.36.38:691][869]LogPlayLevel: Creating play world package: /Game/Levels/UEDPIE_0_MainWorldProto
[2019.05.09-07.36.38:743][869]LogPlayLevel: PIE: StaticDuplicateObject took: (0.052318s)
[2019.05.09-07.36.38:744][869]LogAIModule: Creating AISystem for world MainWorldProto
[2019.05.09-07.36.38:745][869]LogPlayLevel: PIE: World Init took: (0.001430s)
[2019.05.09-07.36.38:745][869]LogPlayLevel: PIE: Created PIE world by copying editor world from /Game/Levels/MainWorldProto.MainWorldProto to /Game/Levels/UEDPIE_0_MainWorldProto.MainWorldProto (0.054568s)
[2019.05.09-07.36.38:807][869]LogUObjectHash: Compacting FUObjectHashTables data took   5.97ms
[2019.05.09-07.36.38:811][869]LogInit: XAudio2 using 'Speakers / Headphones (Realtek Audio)' : 2 channels at 48 kHz using 32 bits per sample (channel mask 0x3)
[2019.05.09-07.36.38:929][869]LogInit: FAudioDevice initialized.
[2019.05.09-07.36.38:960][869]LogLoad: Game class is 'MainGameMode_BP_C'
[2019.05.09-07.36.38:964][869]LogWorld: Bringing World /Game/Levels/UEDPIE_0_MainWorldProto.MainWorldProto up for play (max tick rate 60) at 2019.05.09-03.36.38
[2019.05.09-07.36.38:965][869]LogWorld: Bringing up level for play took: 0.004272
[2019.05.09-07.36.38:983][869]PIE: Play in editor start time for /Game/Levels/UEDPIE_0_MainWorldProto 0.534
[2019.05.09-07.36.38:983][869]LogBlueprintUserMessages: Late PlayInEditor Detection: Level '/Game/Levels/MainWorldProto.MainWorldProto:PersistentLevel' has LevelScriptBlueprint '/Game/Levels/MainWorldProto.MainWorldProto:PersistentLevel.MainWorldProto' with GeneratedClass '/Game/Levels/MainWorldProto.MainWorldProto_C' with ClassGeneratedBy '/Game/Levels/MainWorldProto.MainWorldProto:PersistentLevel.MainWorldProto'
[2019.05.09-07.36.42:864][ 87]LogBlueprintUserMessages: Early EndPlayMap Detection: Level '/Game/Levels/MainWorldProto.MainWorldProto:PersistentLevel' has LevelScriptBlueprint '/Game/Levels/MainWorldProto.MainWorldProto:PersistentLevel.MainWorldProto' with GeneratedClass '/Game/Levels/MainWorldProto.MainWorldProto_C' with ClassGeneratedBy '/Game/Levels/MainWorldProto.MainWorldProto:PersistentLevel.MainWorldProto'
[2019.05.09-07.36.42:866][ 87]LogSlate: Updating window title bar state: overlay mode, drag disabled, window buttons hidden, title bar hidden
[2019.05.09-07.36.42:899][ 87]LogPlayLevel: Display: Shutting down PIE online subsystems
[2019.05.09-07.36.42:900][ 87]LogBlueprintUserMessages: Late EndPlayMap Detection: Level '/Game/Levels/MainWorldProto.MainWorldProto:PersistentLevel' has LevelScriptBlueprint '/Game/Levels/MainWorldProto.MainWorldProto:PersistentLevel.MainWorldProto' with GeneratedClass '/Game/Levels/MainWorldProto.MainWorldProto_C' with ClassGeneratedBy '/Game/Levels/MainWorldProto.MainWorldProto:PersistentLevel.MainWorldProto'
[2019.05.09-07.36.42:967][ 87]LogSlate: Updating window title bar state: overlay mode, drag disabled, window buttons hidden, title bar hidden
[2019.05.09-07.36.42:974][ 87]LogUObjectHash: Compacting FUObjectHashTables data took   2.78ms
[2019.05.09-07.36.43:071][ 88]LogPlayLevel: Display: Destroying online subsystem :Context_13
[2019.05.09-07.36.44:413][153]LogSlate: FSceneViewport::OnFocusLost() reason 0
[2019.05.09-07.39.59:296][678]Candidate modules for hot reload:
[2019.05.09-07.39.59:296][678]  OWAG_V3
[2019.05.09-07.39.59:297][678]Launching UnrealBuildTool... [D:/Unreal/UE_4.22/Engine/Binaries/DotNET/UnrealBuildTool.exe  -ModuleWithSuffix=OWAG_V3,2643 Win64 Development -TargetType=Editor -Project="E:/OWAG_V3/OWAG_V3/OWAG_V3.uproject" "E:/OWAG_V3/OWAG_V3/OWAG_V3.uproject"  -IgnoreJunk]
[2019.05.09-07.39.59:673][678]Warning: Starting HotReload took 34.6s.
[2019.05.09-07.40.01:516][753]CompilerResultsLog: New page: Compilation - May 8, 2019, 11:40:01 PM
[2019.05.09-07.40.01:516][753]LogMainFrame: MainFrame: Module compiling took 2.518 seconds
[2019.05.09-07.40.01:517][753]Warning: HotReload failed, recompile failed
[2019.05.09-07.40.46:195][946]Candidate modules for hot reload:
[2019.05.09-07.40.46:196][946]  OWAG_V3
[2019.05.09-07.40.46:196][946]Launching UnrealBuildTool... [D:/Unreal/UE_4.22/Engine/Binaries/DotNET/UnrealBuildTool.exe  -ModuleWithSuffix=OWAG_V3,183 Win64 Development -TargetType=Editor -Project="E:/OWAG_V3/OWAG_V3/OWAG_V3.uproject" "E:/OWAG_V3/OWAG_V3/OWAG_V3.uproject"  -IgnoreJunk]
[2019.05.09-07.40.46:212][946]Warning: Starting HotReload took 22.7s.
[2019.05.09-07.40.46:230][947]LogUnrealEdMisc: Warning: Heartbeat event firing too frequently (46.521 sec). This should never happen. Something is wrong with the timer delegate!
[2019.05.09-07.42.14:510][299]LogSlate: Window 'Pick Skeleton' being destroyed
[2019.05.09-07.44.10:307][466]LogAssetEditorManager: Opening Asset editor for BlendSpace /Game/PlayerCharacter/NewBlendSpace.NewBlendSpace
[2019.05.09-07.44.11:871][466]LogBlueprintActionDatabase: Requesting refresh due to module change: AnimationEditor (loaded)
[2019.05.09-07.44.11:893][466]LogActorComponent: RegisterComponentWithWorld: (/Engine/Transient.World_10:PersistentLevel.AnimationEditorPreviewActor_0.DebugSkelMeshComponent_0) Already registered. Aborting.
[2019.05.09-07.44.12:424][466]LogSkeletalMesh: USkeletalMeshComponent::InitArticulated : Bodies already created (/Engine/Transient.World_10:PersistentLevel.AnimationEditorPreviewActor_0.DebugSkelMeshComponent_0) - call TermArticulated first.
[2019.05.09-07.44.14:154][466]LogContentBrowser: Verbose: The majority of assets in the view are of type: AnimSequence
[2019.05.09-07.46.43:990][358]LogAnimationCompression: Building Anim DDC data for AnimSequence /Game/ModularRPGHeroesPolyart/Animations/NoWeaponStance/BattleWalkLeft_noWeaponAnim.BattleWalkLeft_noWeaponAnim
[2019.05.09-07.46.44:099][358]LogAnimationCompression: Recompressing (AnimSequence /Game/ModularRPGHeroesPolyart/Animations/NoWeaponStance/BattleWalkLeft_noWeaponAnim.BattleWalkLeft_noWeaponAnim) using current/default (AnimCompress_BitwiseCompressOnly_0) bFirstRecompressUsingCurrentOrDefault(1) bTryAlternateCompressor(0) IsCompressedDataValid(0)
[2019.05.09-07.46.51:143][565]LogAnimationCompression: Building Anim DDC data for AnimSequence /Game/ModularRPGHeroesPolyart/Animations/NoWeaponStance/BattleWalkRight_noWeaponAnim.BattleWalkRight_noWeaponAnim
[2019.05.09-07.46.51:145][565]LogAnimationCompression: Recompressing (AnimSequence /Game/ModularRPGHeroesPolyart/Animations/NoWeaponStance/BattleWalkRight_noWeaponAnim.BattleWalkRight_noWeaponAnim) using current/default (AnimCompress_BitwiseCompressOnly_0) bFirstRecompressUsingCurrentOrDefault(1) bTryAlternateCompressor(0) IsCompressedDataValid(0)
[2019.05.09-07.47.11:297][461]Cmd: OBJ SAVEPACKAGE PACKAGE="/Game/PlayerCharacter/NewBlendSpace" FILE="E:/OWAG_V3/OWAG_V3/Content/PlayerCharacter/NewBlendSpace.uasset" SILENT=true
[2019.05.09-07.47.11:482][461]LogSavePackage: Moving 'E:/OWAG_V3/OWAG_V3/Saved/NewBlendSpace46C894F64FC05F2F0CCBE3BD60C85CB6.tmp' to 'E:/OWAG_V3/OWAG_V3/Content/PlayerCharacter/NewBlendSpace.uasset'
[2019.05.09-07.47.13:307][521]CompilerResultsLog: New page: Compilation - May 8, 2019, 11:47:13 PM
[2019.05.09-07.47.13:307][521]CompilerResultsLog: Using 'git status' to determine working set for adaptive non-unity build (E:\OWAG_V3).
[2019.05.09-07.47.13:307][521]CompilerResultsLog: Creating makefile for OWAG_V3Editor (ini files are newer than makefile)
[2019.05.09-07.47.13:308][521]CompilerResultsLog: Parsing headers for OWAG_V3Editor
[2019.05.09-07.47.13:308][521]CompilerResultsLog:   Running UnrealHeaderTool "E:\OWAG_V3\OWAG_V3\OWAG_V3.uproject" "E:\OWAG_V3\OWAG_V3\Intermediate\Build\Win64\OWAG_V3Editor\Development\OWAG_V3Editor.uhtmanifest" -LogCmds="loginit warning, logexit warning, logdatabase error" -Unattended -WarningsAsErrors -installed
[2019.05.09-07.47.13:308][521]CompilerResultsLog: Reflection code generated for OWAG_V3Editor in 28.3780761 seconds
[2019.05.09-07.47.13:309][521]CompilerResultsLog: Using Visual Studio 2017 14.16.27023 toolchain (C:\Program Files (x86)\Microsoft Visual Studio\2017\Community\VC\Tools\MSVC\14.16.27023) and Windows 10.0.17763.0 SDK (C:\Program Files (x86)\Windows Kits\10).
[2019.05.09-07.47.13:309][521]CompilerResultsLog: Building 6 actions with 8 processes...
[2019.05.09-07.47.13:309][521]CompilerResultsLog:   [1/6] OWAG_V3.init.gen.cpp
[2019.05.09-07.47.13:310][521]CompilerResultsLog:   [2/6] PlayerCharacterController.gen.cpp
[2019.05.09-07.47.13:310][521]CompilerResultsLog:   [3/6] PlayerCharacterController.cpp
[2019.05.09-07.47.13:310][521]CompilerResultsLog:   [4/6] UE4Editor-OWAG_V3-0183.lib
[2019.05.09-07.47.13:310][521]CompilerResultsLog:      Creating library E:\OWAG_V3\OWAG_V3\Intermediate\Build\Win64\UE4Editor\Development\OWAG_V3\UE4Editor-OWAG_V3-0183.lib and object E:\OWAG_V3\OWAG_V3\Intermediate\Build\Win64\UE4Editor\Development\OWAG_V3\UE4Editor-OWAG_V3-0183.exp
[2019.05.09-07.47.13:311][521]CompilerResultsLog:   [5/6] UE4Editor-OWAG_V3-0183.dll
[2019.05.09-07.47.13:311][521]CompilerResultsLog:      Creating library E:\OWAG_V3\OWAG_V3\Intermediate\Build\Win64\UE4Editor\Development\OWAG_V3\UE4Editor-OWAG_V3-0183.suppressed.lib and object E:\OWAG_V3\OWAG_V3\Intermediate\Build\Win64\UE4Editor\Development\OWAG_V3\UE4Editor-OWAG_V3-0183.suppressed.exp
[2019.05.09-07.47.13:312][521]CompilerResultsLog:   [6/6] OWAG_V3Editor.target
[2019.05.09-07.47.13:312][521]CompilerResultsLog: Total time in Parallel executor: 309.12 seconds
[2019.05.09-07.47.13:312][521]CompilerResultsLog: Total execution time: 386.90 seconds
[2019.05.09-07.47.13:312][521]LogMainFrame: MainFrame: Module compiling took 387.404 seconds
[2019.05.09-07.47.13:461][521]LogUObjectHash: Compacting FUObjectHashTables data took  10.55ms
[2019.05.09-07.47.13:465][521]LogBlueprintActionDatabase: Requesting refresh due to hot reload
[2019.05.09-07.47.13:510][521]LogContentBrowser: Native class hierarchy populated in 0.0234 seconds. Added 2738 classes and 665 folders.
[2019.05.09-07.47.13:548][521]Display: HotReload took 410.0s.
[2019.05.09-07.47.30:351][166]LogContentBrowser: Verbose: The majority of assets in the view are of type: None
[2019.05.09-07.47.33:442][314]LogContentBrowser: Verbose: The majority of assets in the view are of type: AnimSequence
[2019.05.09-07.47.34:425][359]LogContentBrowser: Verbose: The majority of assets in the view are of type: BlendSpace
[2019.05.09-07.47.38:356][494]LogSlate: Took 0.020413 seconds to synchronously load lazily loaded font '../../../Engine/Content/Slate/Fonts/Roboto-Italic.ttf' (157K)
[2019.05.09-07.48.55:061][628]BlueprintLog: New page: Compile WalkingAnimationTest
[2019.05.09-07.48.55:853][628]LogUObjectHash: Compacting FUObjectHashTables data took  14.35ms
[2019.05.09-07.49.28:576][260]LogSlate: Took 0.004083 seconds to synchronously load lazily loaded font '../../../Engine/Content/Slate/Fonts/Roboto-BoldCondensedItalic.ttf' (160K)
[2019.05.09-07.49.36:117][630]BlueprintLog: New page: Compile WalkingAnimationTest
[2019.05.09-07.49.36:901][630]LogUObjectHash: Compacting FUObjectHashTables data took  10.08ms
[2019.05.09-07.50.08:883][862]Candidate modules for hot reload:
[2019.05.09-07.50.08:883][862]  OWAG_V3
[2019.05.09-07.50.08:884][862]Launching UnrealBuildTool... [D:/Unreal/UE_4.22/Engine/Binaries/DotNET/UnrealBuildTool.exe  -ModuleWithSuffix=OWAG_V3,5825 Win64 Development -TargetType=Editor -Project="E:/OWAG_V3/OWAG_V3/OWAG_V3.uproject" "E:/OWAG_V3/OWAG_V3/OWAG_V3.uproject"  -IgnoreJunk]
[2019.05.09-07.50.08:913][862]Warning: Starting HotReload took  0.1s.
[2019.05.09-07.52.06:310][495]CompilerResultsLog: New page: Compilation - May 8, 2019, 11:52:06 PM
[2019.05.09-07.52.06:311][495]CompilerResultsLog: Using 'git status' to determine working set for adaptive non-unity build (E:\OWAG_V3).
[2019.05.09-07.52.06:311][495]CompilerResultsLog: Creating makefile for OWAG_V3Editor (ini files are newer than makefile)
[2019.05.09-07.52.06:311][495]CompilerResultsLog: Parsing headers for OWAG_V3Editor
[2019.05.09-07.52.06:312][495]CompilerResultsLog:   Running UnrealHeaderTool "E:\OWAG_V3\OWAG_V3\OWAG_V3.uproject" "E:\OWAG_V3\OWAG_V3\Intermediate\Build\Win64\OWAG_V3Editor\Development\OWAG_V3Editor.uhtmanifest" -LogCmds="loginit warning, logexit warning, logdatabase error" -Unattended -WarningsAsErrors -installed
[2019.05.09-07.52.06:313][495]CompilerResultsLog: Reflection code generated for OWAG_V3Editor in 15.8071861 seconds
[2019.05.09-07.52.06:313][495]CompilerResultsLog: Using Visual Studio 2017 14.16.27023 toolchain (C:\Program Files (x86)\Microsoft Visual Studio\2017\Community\VC\Tools\MSVC\14.16.27023) and Windows 10.0.17763.0 SDK (C:\Program Files (x86)\Windows Kits\10).
[2019.05.09-07.52.06:314][495]CompilerResultsLog: Building 3 actions with 8 processes...
[2019.05.09-07.52.06:314][495]CompilerResultsLog:   [1/3] UE4Editor-OWAG_V3-5825.lib
[2019.05.09-07.52.06:315][495]CompilerResultsLog:      Creating library E:\OWAG_V3\OWAG_V3\Intermediate\Build\Win64\UE4Editor\Development\OWAG_V3\UE4Editor-OWAG_V3-5825.lib and object E:\OWAG_V3\OWAG_V3\Intermediate\Build\Win64\UE4Editor\Development\OWAG_V3\UE4Editor-OWAG_V3-5825.exp
[2019.05.09-07.52.06:316][495]CompilerResultsLog:   [2/3] UE4Editor-OWAG_V3-5825.dll
[2019.05.09-07.52.06:316][495]CompilerResultsLog:      Creating library E:\OWAG_V3\OWAG_V3\Intermediate\Build\Win64\UE4Editor\Development\OWAG_V3\UE4Editor-OWAG_V3-5825.suppressed.lib and object E:\OWAG_V3\OWAG_V3\Intermediate\Build\Win64\UE4Editor\Development\OWAG_V3\UE4Editor-OWAG_V3-5825.suppressed.exp
[2019.05.09-07.52.06:318][495]CompilerResultsLog:   [3/3] OWAG_V3Editor.target
[2019.05.09-07.52.06:319][495]CompilerResultsLog: Total time in Parallel executor: 94.56 seconds
[2019.05.09-07.52.06:319][495]CompilerResultsLog: Total execution time: 117.07 seconds
[2019.05.09-07.52.06:319][495]LogMainFrame: MainFrame: Module compiling took 117.445 seconds
[2019.05.09-07.52.06:595][495]LogUObjectHash: Compacting FUObjectHashTables data took  20.02ms
[2019.05.09-07.52.06:601][495]LogBlueprintActionDatabase: Requesting refresh due to module change: OWAG_V3 (unloaded)
[2019.05.09-07.52.06:635][495]LogClass: Could not find existing class PlayerCharacterController in package /Script/OWAG_V3 for HotReload, assuming new class
[2019.05.09-07.52.06:777][495]LogHotReload: Re-instancing PlayerCharacterController after hot-reload.
[2019.05.09-07.52.07:871][495]LogBlueprintActionDatabase: Requesting refresh due to module change: OWAG_V3 (loaded)
[2019.05.09-07.52.07:873][495]LogContentBrowser: Native class hierarchy updated for 'OWAG_V3' in 0.0011 seconds. Added 4 classes and 2 folders.
[2019.05.09-07.52.07:911][495]Display: HotReload successful (0 functions remapped  0 scriptstructs remapped)
[2019.05.09-07.52.08:448][495]LogUObjectHash: Compacting FUObjectHashTables data took   8.14ms
[2019.05.09-07.52.08:452][495]LogBlueprintActionDatabase: Requesting refresh due to hot reload
[2019.05.09-07.52.08:503][495]LogContentBrowser: Native class hierarchy populated in 0.0283 seconds. Added 2738 classes and 665 folders.
[2019.05.09-07.52.08:503][495]Display: HotReload took 119.6s.
[2019.05.09-07.53.08:762][176]BlueprintLog: New page: Compile WalkingAnimationTest
[2019.05.09-07.53.09:380][176]LogUObjectHash: Compacting FUObjectHashTables data took  10.88ms
[2019.05.09-07.53.22:250][841]BlueprintLog: New page: Compile WalkingAnimationTest
[2019.05.09-07.53.22:935][841]LogUObjectHash: Compacting FUObjectHashTables data took   7.02ms
[2019.05.09-07.53.33:227][375]BlueprintLog: New page: Compile WalkingAnimationTest
[2019.05.09-07.53.33:770][375]LogUObjectHash: Compacting FUObjectHashTables data took   8.80ms
[2019.05.09-07.53.35:440][429]LogTemp: Repeating last play command: Selected Viewport
[2019.05.09-07.53.35:495][429]LogBlueprintUserMessages: Early PlayInEditor Detection: Level '/Game/Levels/MainWorldProto.MainWorldProto:PersistentLevel' has LevelScriptBlueprint '/Game/Levels/MainWorldProto.MainWorldProto:PersistentLevel.MainWorldProto' with GeneratedClass '/Game/Levels/MainWorldProto.MainWorldProto_C' with ClassGeneratedBy '/Game/Levels/MainWorldProto.MainWorldProto:PersistentLevel.MainWorldProto'
[2019.05.09-07.53.35:496][429]LogPlayLevel: PlayLevel: No blueprints needed recompiling
[2019.05.09-07.53.35:496][429]PIE: New page: PIE session: MainWorldProto (May 8, 2019, 11:53:35 PM)
[2019.05.09-07.53.35:496][429]LogPlayLevel: Creating play world package: /Game/Levels/UEDPIE_0_MainWorldProto
[2019.05.09-07.53.35:538][429]LogPlayLevel: PIE: StaticDuplicateObject took: (0.041163s)
[2019.05.09-07.53.35:539][429]LogAIModule: Creating AISystem for world MainWorldProto
[2019.05.09-07.53.35:539][429]LogPlayLevel: PIE: World Init took: (0.001389s)
[2019.05.09-07.53.35:540][429]LogPlayLevel: PIE: Created PIE world by copying editor world from /Game/Levels/MainWorldProto.MainWorldProto to /Game/Levels/UEDPIE_0_MainWorldProto.MainWorldProto (0.043275s)
[2019.05.09-07.53.35:603][429]LogUObjectHash: Compacting FUObjectHashTables data took   6.97ms
[2019.05.09-07.53.35:607][429]LogInit: XAudio2 using 'Speakers / Headphones (Realtek Audio)' : 2 channels at 48 kHz using 32 bits per sample (channel mask 0x3)
[2019.05.09-07.53.35:730][429]LogInit: FAudioDevice initialized.
[2019.05.09-07.53.35:765][429]LogLoad: Game class is 'MainGameMode_BP_C'
[2019.05.09-07.53.35:770][429]LogWorld: Bringing World /Game/Levels/UEDPIE_0_MainWorldProto.MainWorldProto up for play (max tick rate 60) at 2019.05.09-03.53.35
[2019.05.09-07.53.35:771][429]LogWorld: Bringing up level for play took: 0.005343
[2019.05.09-07.53.35:787][429]PIE: Play in editor start time for /Game/Levels/UEDPIE_0_MainWorldProto -0.661
[2019.05.09-07.53.35:788][429]LogBlueprintUserMessages: Late PlayInEditor Detection: Level '/Game/Levels/MainWorldProto.MainWorldProto:PersistentLevel' has LevelScriptBlueprint '/Game/Levels/MainWorldProto.MainWorldProto:PersistentLevel.MainWorldProto' with GeneratedClass '/Game/Levels/MainWorldProto.MainWorldProto_C' with ClassGeneratedBy '/Game/Levels/MainWorldProto.MainWorldProto:PersistentLevel.MainWorldProto'
[2019.05.09-07.53.51:780][355]LogBlueprintUserMessages: Early EndPlayMap Detection: Level '/Game/Levels/MainWorldProto.MainWorldProto:PersistentLevel' has LevelScriptBlueprint '/Game/Levels/MainWorldProto.MainWorldProto:PersistentLevel.MainWorldProto' with GeneratedClass '/Game/Levels/MainWorldProto.MainWorldProto_C' with ClassGeneratedBy '/Game/Levels/MainWorldProto.MainWorldProto:PersistentLevel.MainWorldProto'
[2019.05.09-07.53.51:781][355]LogSlate: Updating window title bar state: overlay mode, drag disabled, window buttons hidden, title bar hidden
[2019.05.09-07.53.51:816][355]LogPlayLevel: Display: Shutting down PIE online subsystems
[2019.05.09-07.53.51:817][355]LogBlueprintUserMessages: Late EndPlayMap Detection: Level '/Game/Levels/MainWorldProto.MainWorldProto:PersistentLevel' has LevelScriptBlueprint '/Game/Levels/MainWorldProto.MainWorldProto:PersistentLevel.MainWorldProto' with GeneratedClass '/Game/Levels/MainWorldProto.MainWorldProto_C' with ClassGeneratedBy '/Game/Levels/MainWorldProto.MainWorldProto:PersistentLevel.MainWorldProto'
[2019.05.09-07.53.51:886][355]LogSlate: Updating window title bar state: overlay mode, drag disabled, window buttons hidden, title bar hidden
[2019.05.09-07.53.51:895][355]LogUObjectHash: Compacting FUObjectHashTables data took   5.11ms
[2019.05.09-07.53.51:913][356]LogPlayLevel: Display: Destroying online subsystem :Context_17
[2019.05.09-07.53.53:336][404]LogSlate: FSceneViewport::OnFocusLost() reason 0
[2019.05.09-07.55.37:294][455]BlueprintLog: New page: Compile WalkingAnimationTest
[2019.05.09-07.55.37:420][455]LogBlueprint: Warning: [Compiler WalkingAnimationTest] NormalSprint_noWeaponAnim to NewBlendSpace  will never be taken, please connect something to  Can Enter Transition
[2019.05.09-07.55.37:943][455]LogUObjectHash: Compacting FUObjectHashTables data took   6.48ms
[2019.05.09-07.55.37:954][455]LogBlueprint: Warning: [Compiler WalkingAnimationTest] [6852.65] Compile of WalkingAnimationTest successful, but with 1 Warning(s) [in 659 ms] (/Game/PlayerCharacter/WalkingAnimationTest.WalkingAnimationTest)
[2019.05.09-07.56.04:633][710]BlueprintLog: New page: Compile WalkingAnimationTest
[2019.05.09-07.56.05:162][710]LogUObjectHash: Compacting FUObjectHashTables data took   7.47ms
[2019.05.09-07.56.06:992][779]LogTemp: Repeating last play command: Selected Viewport
[2019.05.09-07.56.07:031][779]LogBlueprintUserMessages: Early PlayInEditor Detection: Level '/Game/Levels/MainWorldProto.MainWorldProto:PersistentLevel' has LevelScriptBlueprint '/Game/Levels/MainWorldProto.MainWorldProto:PersistentLevel.MainWorldProto' with GeneratedClass '/Game/Levels/MainWorldProto.MainWorldProto_C' with ClassGeneratedBy '/Game/Levels/MainWorldProto.MainWorldProto:PersistentLevel.MainWorldProto'
[2019.05.09-07.56.07:032][779]LogPlayLevel: PlayLevel: No blueprints needed recompiling
[2019.05.09-07.56.07:033][779]PIE: New page: PIE session: MainWorldProto (May 8, 2019, 11:56:07 PM)
[2019.05.09-07.56.07:033][779]LogPlayLevel: Creating play world package: /Game/Levels/UEDPIE_0_MainWorldProto
[2019.05.09-07.56.07:074][779]LogPlayLevel: PIE: StaticDuplicateObject took: (0.041100s)
[2019.05.09-07.56.07:075][779]LogAIModule: Creating AISystem for world MainWorldProto
[2019.05.09-07.56.07:075][779]LogPlayLevel: PIE: World Init took: (0.000943s)
[2019.05.09-07.56.07:075][779]LogPlayLevel: PIE: Created PIE world by copying editor world from /Game/Levels/MainWorldProto.MainWorldProto to /Game/Levels/UEDPIE_0_MainWorldProto.MainWorldProto (0.042657s)
[2019.05.09-07.56.07:138][779]LogUObjectHash: Compacting FUObjectHashTables data took   6.69ms
[2019.05.09-07.56.07:141][779]LogInit: XAudio2 using 'Speakers / Headphones (Realtek Audio)' : 2 channels at 48 kHz using 32 bits per sample (channel mask 0x3)
[2019.05.09-07.56.07:254][779]LogInit: FAudioDevice initialized.
[2019.05.09-07.56.07:287][779]LogLoad: Game class is 'MainGameMode_BP_C'
[2019.05.09-07.56.07:292][779]LogWorld: Bringing World /Game/Levels/UEDPIE_0_MainWorldProto.MainWorldProto up for play (max tick rate 60) at 2019.05.09-03.56.07
[2019.05.09-07.56.07:293][779]LogWorld: Bringing up level for play took: 0.005056
[2019.05.09-07.56.07:310][779]PIE: Play in editor start time for /Game/Levels/UEDPIE_0_MainWorldProto 0.861
[2019.05.09-07.56.07:311][779]LogBlueprintUserMessages: Late PlayInEditor Detection: Level '/Game/Levels/MainWorldProto.MainWorldProto:PersistentLevel' has LevelScriptBlueprint '/Game/Levels/MainWorldProto.MainWorldProto:PersistentLevel.MainWorldProto' with GeneratedClass '/Game/Levels/MainWorldProto.MainWorldProto_C' with ClassGeneratedBy '/Game/Levels/MainWorldProto.MainWorldProto:PersistentLevel.MainWorldProto'
[2019.05.09-07.56.21:819][391]LogBlueprintUserMessages: Early EndPlayMap Detection: Level '/Game/Levels/MainWorldProto.MainWorldProto:PersistentLevel' has LevelScriptBlueprint '/Game/Levels/MainWorldProto.MainWorldProto:PersistentLevel.MainWorldProto' with GeneratedClass '/Game/Levels/MainWorldProto.MainWorldProto_C' with ClassGeneratedBy '/Game/Levels/MainWorldProto.MainWorldProto:PersistentLevel.MainWorldProto'
[2019.05.09-07.56.21:821][391]LogSlate: Updating window title bar state: overlay mode, drag disabled, window buttons hidden, title bar hidden
[2019.05.09-07.56.21:856][391]LogPlayLevel: Display: Shutting down PIE online subsystems
[2019.05.09-07.56.21:857][391]LogBlueprintUserMessages: Late EndPlayMap Detection: Level '/Game/Levels/MainWorldProto.MainWorldProto:PersistentLevel' has LevelScriptBlueprint '/Game/Levels/MainWorldProto.MainWorldProto:PersistentLevel.MainWorldProto' with GeneratedClass '/Game/Levels/MainWorldProto.MainWorldProto_C' with ClassGeneratedBy '/Game/Levels/MainWorldProto.MainWorldProto:PersistentLevel.MainWorldProto'
[2019.05.09-07.56.21:943][391]LogSlate: Updating window title bar state: overlay mode, drag disabled, window buttons hidden, title bar hidden
[2019.05.09-07.56.21:954][391]LogUObjectHash: Compacting FUObjectHashTables data took   5.97ms
[2019.05.09-07.56.21:973][392]LogPlayLevel: Display: Destroying online subsystem :Context_18
[2019.05.09-07.56.23:677][433]LogSlate: FSceneViewport::OnFocusLost() reason 0
[2019.05.09-07.56.33:065][600]Cmd: OBJ SAVEPACKAGE PACKAGE="/Game/PlayerCharacter/TestBlendSpace" FILE="E:/OWAG_V3/OWAG_V3/Content/PlayerCharacter/TestBlendSpace.uasset" SILENT=true
[2019.05.09-07.56.33:139][600]LogSavePackage: Moving 'E:/OWAG_V3/OWAG_V3/Saved/TestBlendSpaceAB9AEB9B41CD48F1D366CBA9617C0D5C.tmp' to 'E:/OWAG_V3/OWAG_V3/Content/PlayerCharacter/TestBlendSpace.uasset'
[2019.05.09-07.56.33:894][600]LogUObjectHash: Compacting FUObjectHashTables data took   5.73ms
[2019.05.09-07.56.33:998][600]LogUObjectHash: Compacting FUObjectHashTables data took   5.41ms
[2019.05.09-07.56.34:045][600]LogUObjectHash: Compacting FUObjectHashTables data took   1.23ms
